2025-01-15 13:59:58,511 - INFO - Starting Prometheus metrics server on port 8012
2025-01-15 13:59:58,513 - INFO - Device service started
2025-01-15 14:00:02,530 - INFO - Data sent: {'temperature': 20.580234928523353, 'humidity': 51.036280089244514}, Response: 200
2025-01-15 14:00:27,563 - INFO - Data sent: {'temperature': 20.670136216196955, 'humidity': 60.97808332077028}, Response: 200
2025-01-15 14:00:52,595 - INFO - Data sent: {'temperature': 28.92539981467003, 'humidity': 66.5894371551792}, Response: 200
2025-01-15 14:01:17,627 - INFO - Data sent: {'temperature': 29.964411185264996, 'humidity': 64.07125523752356}, Response: 200
2025-01-15 14:01:42,659 - INFO - Data sent: {'temperature': 26.690762502448518, 'humidity': 66.66777491609098}, Response: 200
2025-01-15 14:02:07,692 - INFO - Data sent: {'temperature': 29.902574049255282, 'humidity': 58.76902183461576}, Response: 200
2025-01-15 14:02:32,723 - INFO - Data sent: {'temperature': 23.340235448150956, 'humidity': 52.47576370710128}, Response: 200
2025-01-15 14:02:57,754 - INFO - Data sent: {'temperature': 21.75528200946276, 'humidity': 57.77055454844491}, Response: 200
2025-01-15 14:03:22,785 - INFO - Data sent: {'temperature': 23.246704857711432, 'humidity': 59.16936120905183}, Response: 200
2025-01-15 14:03:47,817 - INFO - Data sent: {'temperature': 27.569141501877162, 'humidity': 62.89209427869616}, Response: 200
2025-01-15 14:04:12,848 - INFO - Data sent: {'temperature': 27.31173954716063, 'humidity': 52.135463593114025}, Response: 200
2025-01-15 14:04:37,876 - INFO - Data sent: {'temperature': 28.343251131279374, 'humidity': 61.143650028351374}, Response: 200
2025-01-15 14:05:02,901 - INFO - Data sent: {'temperature': 24.421717074660435, 'humidity': 68.69637595375417}, Response: 200
2025-01-15 14:05:27,925 - INFO - Data sent: {'temperature': 20.74092601195328, 'humidity': 53.34761027834227}, Response: 200
2025-01-15 14:05:52,952 - INFO - Data sent: {'temperature': 26.42935208634535, 'humidity': 57.22053508484807}, Response: 200
2025-01-15 14:06:17,985 - INFO - Data sent: {'temperature': 28.90323734247137, 'humidity': 69.48221045660567}, Response: 200
2025-01-15 14:06:42,988 - INFO - Data sent: {'temperature': 28.80996193887203, 'humidity': 51.522930325325106}, Response: 200
2025-01-15 14:07:07,996 - INFO - Data sent: {'temperature': 27.289900775240774, 'humidity': 68.27071875549959}, Response: 200
2025-01-15 14:07:33,015 - INFO - Data sent: {'temperature': 20.292021082752374, 'humidity': 67.59615432546144}, Response: 200
2025-01-15 14:07:58,025 - INFO - Data sent: {'temperature': 26.720734294525894, 'humidity': 51.603790508875846}, Response: 200
2025-01-15 14:08:23,055 - INFO - Data sent: {'temperature': 26.502356164075458, 'humidity': 51.627296031035854}, Response: 200
2025-01-15 14:08:48,077 - INFO - Data sent: {'temperature': 25.214356740547885, 'humidity': 54.501912847221725}, Response: 200
2025-01-15 14:09:13,108 - INFO - Data sent: {'temperature': 24.245590044038597, 'humidity': 63.40751578762166}, Response: 200
2025-01-15 14:09:38,138 - INFO - Data sent: {'temperature': 23.350390023940648, 'humidity': 57.20018183313817}, Response: 200
2025-01-15 14:10:03,168 - INFO - Data sent: {'temperature': 24.654146101676314, 'humidity': 50.33133598865899}, Response: 200
2025-01-15 14:10:28,198 - INFO - Data sent: {'temperature': 21.033211753945956, 'humidity': 53.33089294678093}, Response: 200
2025-01-15 14:10:53,210 - INFO - Data sent: {'temperature': 24.26868593799888, 'humidity': 55.24241768614041}, Response: 200
2025-01-15 14:11:18,243 - INFO - Data sent: {'temperature': 22.782328585629333, 'humidity': 67.78367958114816}, Response: 200
2025-01-15 14:11:43,275 - INFO - Data sent: {'temperature': 22.52481542711582, 'humidity': 51.548708184081256}, Response: 200
2025-01-15 14:12:08,288 - INFO - Data sent: {'temperature': 29.83761177587391, 'humidity': 55.34065252354888}, Response: 200
2025-01-15 14:12:33,319 - INFO - Data sent: {'temperature': 20.65063238027557, 'humidity': 52.658065516679095}, Response: 200
2025-01-15 14:12:58,349 - INFO - Data sent: {'temperature': 26.761909439624784, 'humidity': 54.77397586983872}, Response: 200
2025-01-15 14:13:23,380 - INFO - Data sent: {'temperature': 22.159704696128184, 'humidity': 57.27531381457065}, Response: 200
2025-01-15 14:13:48,413 - INFO - Data sent: {'temperature': 29.45061114611349, 'humidity': 63.65141306178328}, Response: 200
2025-01-15 14:14:13,434 - INFO - Data sent: {'temperature': 22.484893524474067, 'humidity': 54.35169717105762}, Response: 200
2025-01-15 14:14:38,464 - INFO - Data sent: {'temperature': 26.236806209934937, 'humidity': 55.77583303281982}, Response: 200
2025-01-15 14:15:03,494 - INFO - Data sent: {'temperature': 23.407754895277503, 'humidity': 50.72464287372963}, Response: 200
2025-01-15 14:15:28,523 - INFO - Data sent: {'temperature': 24.942833720341223, 'humidity': 63.80168236784877}, Response: 200
2025-01-15 14:15:53,554 - INFO - Data sent: {'temperature': 27.78154324119937, 'humidity': 64.24810609057016}, Response: 200
2025-01-15 14:16:18,583 - INFO - Data sent: {'temperature': 29.492777845299962, 'humidity': 67.7401606129785}, Response: 200
2025-01-15 14:16:43,612 - INFO - Data sent: {'temperature': 27.574271609422397, 'humidity': 57.36059336661073}, Response: 200
2025-01-15 14:17:08,645 - INFO - Data sent: {'temperature': 27.33764341116642, 'humidity': 53.552484718636826}, Response: 200
2025-01-15 14:17:33,675 - INFO - Data sent: {'temperature': 27.466584277236443, 'humidity': 58.62702436389248}, Response: 200
2025-01-15 14:17:58,707 - INFO - Data sent: {'temperature': 25.42145351052739, 'humidity': 65.45642332464044}, Response: 200
2025-01-15 14:18:23,718 - INFO - Data sent: {'temperature': 25.605897259544804, 'humidity': 68.62614521590714}, Response: 200
2025-01-15 14:18:48,752 - INFO - Data sent: {'temperature': 25.14874578150917, 'humidity': 66.62652009276793}, Response: 200
2025-01-15 14:19:13,778 - INFO - Data sent: {'temperature': 25.42960380327046, 'humidity': 66.91333455322534}, Response: 200
2025-01-15 14:19:38,804 - INFO - Data sent: {'temperature': 26.342238135530536, 'humidity': 56.413149875303795}, Response: 200
2025-01-15 14:20:03,835 - INFO - Data sent: {'temperature': 20.45375118132857, 'humidity': 52.01413222838797}, Response: 200
2025-01-15 14:20:28,848 - INFO - Data sent: {'temperature': 25.470725491734115, 'humidity': 68.5512907904414}, Response: 200
2025-01-15 14:20:53,854 - INFO - Data sent: {'temperature': 23.971784405929753, 'humidity': 63.83770250046922}, Response: 200
2025-01-15 14:21:18,886 - INFO - Data sent: {'temperature': 29.1372579480236, 'humidity': 66.76333862245244}, Response: 200
2025-01-15 14:21:43,921 - INFO - Data sent: {'temperature': 26.162245285449615, 'humidity': 58.49500551551433}, Response: 200
2025-01-15 14:22:08,955 - INFO - Data sent: {'temperature': 27.29788038666443, 'humidity': 56.99040860815832}, Response: 200
2025-01-15 14:22:33,987 - INFO - Data sent: {'temperature': 22.644582493804606, 'humidity': 52.53237781115348}, Response: 200
2025-01-15 14:22:59,021 - INFO - Data sent: {'temperature': 25.77988741296427, 'humidity': 52.45806361434677}, Response: 200
2025-01-15 14:23:24,043 - INFO - Data sent: {'temperature': 22.458480880336378, 'humidity': 61.55599944416089}, Response: 200
2025-01-15 14:23:49,074 - INFO - Data sent: {'temperature': 22.50934371260393, 'humidity': 57.89904943812067}, Response: 200
2025-01-15 14:24:14,108 - INFO - Data sent: {'temperature': 26.986655127103568, 'humidity': 56.86012094902534}, Response: 200
2025-01-15 14:24:39,138 - INFO - Data sent: {'temperature': 25.41521185637951, 'humidity': 59.18144122161656}, Response: 200
2025-01-15 14:25:04,171 - INFO - Data sent: {'temperature': 27.854592077474646, 'humidity': 56.8889939266533}, Response: 200
2025-01-15 14:25:29,202 - INFO - Data sent: {'temperature': 25.913554301572688, 'humidity': 52.93853673567393}, Response: 200
2025-01-15 14:25:54,234 - INFO - Data sent: {'temperature': 25.04497396851265, 'humidity': 62.38196219150612}, Response: 200
2025-01-15 14:26:19,266 - INFO - Data sent: {'temperature': 22.756175973347393, 'humidity': 57.407034069890585}, Response: 200
2025-01-15 14:26:44,298 - INFO - Data sent: {'temperature': 24.442135240138235, 'humidity': 56.77610611117343}, Response: 200
2025-01-15 14:27:09,332 - INFO - Data sent: {'temperature': 25.147801048853562, 'humidity': 50.32297109922828}, Response: 200
2025-01-15 14:27:34,341 - INFO - Data sent: {'temperature': 25.831975772229043, 'humidity': 50.44534975388783}, Response: 200
2025-01-15 14:27:59,366 - INFO - Data sent: {'temperature': 28.62355619133435, 'humidity': 69.21020606349467}, Response: 200
2025-01-15 14:28:24,397 - INFO - Data sent: {'temperature': 24.21564974301996, 'humidity': 64.34389648388893}, Response: 200
2025-01-15 14:28:49,429 - INFO - Data sent: {'temperature': 29.952981471251494, 'humidity': 60.37776908545969}, Response: 200
2025-01-15 14:29:14,449 - INFO - Data sent: {'temperature': 25.956720119689876, 'humidity': 64.99671399456491}, Response: 200
2025-01-15 14:29:39,480 - INFO - Data sent: {'temperature': 25.69893793763022, 'humidity': 60.155804021011235}, Response: 200
2025-01-15 14:30:04,497 - INFO - Data sent: {'temperature': 21.828718315739323, 'humidity': 54.435650206289935}, Response: 200
2025-01-15 14:30:29,525 - INFO - Data sent: {'temperature': 27.286543168943314, 'humidity': 51.614860287599264}, Response: 200
2025-01-15 14:30:54,549 - INFO - Data sent: {'temperature': 21.577493759773606, 'humidity': 59.57920575103093}, Response: 200
2025-01-15 14:31:19,577 - INFO - Data sent: {'temperature': 27.778671014520178, 'humidity': 53.81675013357834}, Response: 200
2025-01-15 14:31:44,607 - INFO - Data sent: {'temperature': 25.97059455254623, 'humidity': 59.96317177630995}, Response: 200
2025-01-15 14:36:57,939 - INFO - Starting Prometheus metrics server on port 8012
2025-01-15 14:36:57,941 - INFO - Device service started
2025-01-15 14:36:58,960 - INFO - Data sent: {'temperature': 29.094111011940996, 'humidity': 53.40607423317771}, Response: 200
2025-01-15 14:37:23,991 - INFO - Data sent: {'temperature': 21.02092600590564, 'humidity': 67.22801914594439}, Response: 200
2025-01-15 14:37:49,013 - INFO - Data sent: {'temperature': 28.507415056741745, 'humidity': 50.11935613086712}, Response: 200
2025-01-15 14:38:14,045 - INFO - Data sent: {'temperature': 29.25502899112858, 'humidity': 52.941204091637374}, Response: 200
2025-01-15 14:38:39,077 - INFO - Data sent: {'temperature': 23.331841901146518, 'humidity': 64.31825561138886}, Response: 200
2025-01-15 14:39:04,108 - INFO - Data sent: {'temperature': 23.1503520337028, 'humidity': 68.72878766777136}, Response: 200
2025-01-15 14:39:29,139 - INFO - Data sent: {'temperature': 20.62689849716278, 'humidity': 61.78937013411452}, Response: 200
2025-01-15 14:39:54,149 - INFO - Data sent: {'temperature': 24.18418525183133, 'humidity': 68.50358409729596}, Response: 200
2025-01-15 14:40:19,186 - INFO - Data sent: {'temperature': 27.567511107185457, 'humidity': 62.98424063250866}, Response: 200
2025-01-15 14:40:44,219 - INFO - Data sent: {'temperature': 27.848320846348273, 'humidity': 52.14326353443757}, Response: 200
2025-01-15 14:41:09,250 - INFO - Data sent: {'temperature': 29.835389432607855, 'humidity': 59.011059460942334}, Response: 200
2025-01-15 14:41:34,282 - INFO - Data sent: {'temperature': 28.886829189898883, 'humidity': 66.6465555876074}, Response: 200
2025-01-15 14:41:59,314 - INFO - Data sent: {'temperature': 29.062317524118722, 'humidity': 52.35570899294531}, Response: 200
2025-01-15 14:42:24,321 - INFO - Data sent: {'temperature': 26.34474018771923, 'humidity': 54.327818671360376}, Response: 200
2025-01-15 14:42:49,352 - INFO - Data sent: {'temperature': 28.077939219390842, 'humidity': 58.724607538298685}, Response: 200
2025-01-15 14:43:14,384 - INFO - Data sent: {'temperature': 27.81751352929337, 'humidity': 51.33123375584829}, Response: 200
2025-01-15 14:43:39,393 - INFO - Data sent: {'temperature': 29.61023385783416, 'humidity': 63.91259226945335}, Response: 200
2025-01-15 14:44:04,425 - INFO - Data sent: {'temperature': 21.712734704973812, 'humidity': 50.08464129851949}, Response: 200
2025-01-15 14:44:29,455 - INFO - Data sent: {'temperature': 21.209697178337123, 'humidity': 56.92626624738186}, Response: 200
2025-01-15 14:45:52,992 - INFO - Starting Prometheus metrics server on port 8012
2025-01-15 14:45:52,994 - INFO - Device service started
2025-01-15 14:45:54,051 - INFO - Data sent: {'temperature': 24.084399928743125, 'humidity': 51.970410376751445}, Response: 200
2025-01-15 14:46:19,087 - INFO - Data sent: {'temperature': 24.79251955383555, 'humidity': 67.67260289236407}, Response: 200
2025-01-15 14:46:44,119 - INFO - Data sent: {'temperature': 28.267659068267875, 'humidity': 57.2177809670691}, Response: 200
2025-01-15 14:47:09,151 - INFO - Data sent: {'temperature': 21.091249615776224, 'humidity': 62.40191000546929}, Response: 200
2025-01-15 14:47:34,166 - INFO - Data sent: {'temperature': 28.50745290214598, 'humidity': 58.7552727783241}, Response: 200
2025-01-15 14:47:59,196 - INFO - Data sent: {'temperature': 27.690055122637908, 'humidity': 54.222190217111155}, Response: 200
2025-01-15 14:48:24,222 - INFO - Data sent: {'temperature': 21.877107864755455, 'humidity': 54.258976733832604}, Response: 200
2025-01-15 14:48:49,253 - INFO - Data sent: {'temperature': 26.385304850367255, 'humidity': 56.29802641041402}, Response: 200
2025-01-15 14:49:14,277 - INFO - Data sent: {'temperature': 22.097552130133227, 'humidity': 54.26682328643559}, Response: 200
2025-01-15 14:49:39,298 - INFO - Data sent: {'temperature': 23.645775212807575, 'humidity': 58.4820087089267}, Response: 200
2025-01-15 14:50:12,873 - INFO - Starting Prometheus metrics server on port 8012
2025-01-15 14:50:12,874 - INFO - Device service started
2025-01-15 14:50:16,894 - INFO - Data sent: {'temperature': 28.952831344134395, 'humidity': 57.31681823477015}, Response: 200
2025-01-15 14:50:41,926 - INFO - Data sent: {'temperature': 24.968488784128397, 'humidity': 50.33843524058501}, Response: 200
2025-01-15 14:51:06,957 - INFO - Data sent: {'temperature': 22.054746932973487, 'humidity': 69.84497621156714}, Response: 200
2025-01-15 14:51:31,989 - INFO - Data sent: {'temperature': 25.249519530843642, 'humidity': 63.480200986707004}, Response: 200
2025-01-15 14:51:57,021 - INFO - Data sent: {'temperature': 27.338734053353015, 'humidity': 61.353577500839904}, Response: 200
2025-01-15 14:52:22,054 - INFO - Data sent: {'temperature': 24.316440408676506, 'humidity': 63.85998497118317}, Response: 200
2025-01-15 14:52:47,066 - INFO - Data sent: {'temperature': 24.575650006600863, 'humidity': 66.53887195314479}, Response: 200
2025-01-15 14:53:12,073 - INFO - Data sent: {'temperature': 20.678915689167017, 'humidity': 50.801112810012725}, Response: 200
2025-01-15 14:53:37,107 - INFO - Data sent: {'temperature': 22.392564463618996, 'humidity': 50.13068730913964}, Response: 200
2025-01-15 14:54:02,139 - INFO - Data sent: {'temperature': 24.803691780651956, 'humidity': 63.45873373304262}, Response: 200
2025-01-15 14:54:27,170 - INFO - Data sent: {'temperature': 20.5795301103645, 'humidity': 52.298823199885135}, Response: 200
2025-01-15 14:54:52,183 - INFO - Data sent: {'temperature': 20.01657306525704, 'humidity': 54.61321913787572}, Response: 200
2025-01-15 14:55:17,221 - INFO - Data sent: {'temperature': 25.395036202376865, 'humidity': 57.50005939295175}, Response: 200
2025-01-15 14:55:42,246 - INFO - Data sent: {'temperature': 25.968368250776038, 'humidity': 51.27447647154634}, Response: 200
2025-01-15 14:56:07,277 - INFO - Data sent: {'temperature': 28.510556207090385, 'humidity': 63.372790164006645}, Response: 200
2025-01-15 14:56:32,310 - INFO - Data sent: {'temperature': 26.600797471079463, 'humidity': 59.892783848896286}, Response: 200
2025-01-15 14:56:57,344 - INFO - Data sent: {'temperature': 29.639037948086507, 'humidity': 58.614795145180004}, Response: 200
2025-01-15 14:57:22,378 - INFO - Data sent: {'temperature': 23.57121141334111, 'humidity': 65.91356008654972}, Response: 200
2025-01-15 14:57:47,418 - INFO - Data sent: {'temperature': 28.37019756276734, 'humidity': 66.09073142624464}, Response: 200
2025-01-15 14:58:12,458 - INFO - Data sent: {'temperature': 21.115508598842613, 'humidity': 69.94502803038816}, Response: 200
2025-01-15 14:58:37,489 - INFO - Data sent: {'temperature': 21.8879984999532, 'humidity': 55.68342573144082}, Response: 200
2025-01-15 14:59:02,522 - INFO - Data sent: {'temperature': 21.77939586645271, 'humidity': 54.03837295251711}, Response: 200
2025-01-15 14:59:27,555 - INFO - Data sent: {'temperature': 23.5588135647333, 'humidity': 50.31408395351336}, Response: 200
2025-01-15 14:59:52,565 - INFO - Data sent: {'temperature': 22.84629165236514, 'humidity': 56.44558628311946}, Response: 200
2025-01-15 15:00:17,597 - INFO - Data sent: {'temperature': 21.43922216330403, 'humidity': 66.16417554570347}, Response: 200
2025-01-15 15:00:42,604 - INFO - Data sent: {'temperature': 22.79145520352349, 'humidity': 63.44629501362334}, Response: 200
2025-01-15 15:01:07,634 - INFO - Data sent: {'temperature': 26.957695076386564, 'humidity': 67.60795431287733}, Response: 200
2025-01-15 15:01:32,653 - INFO - Data sent: {'temperature': 22.79291294724796, 'humidity': 59.58782010810797}, Response: 200
2025-01-15 15:01:57,684 - INFO - Data sent: {'temperature': 26.42231049352193, 'humidity': 67.6385260995287}, Response: 200
2025-01-15 15:02:22,715 - INFO - Data sent: {'temperature': 26.02281463175467, 'humidity': 66.52050022919639}, Response: 200
2025-01-15 15:02:47,747 - INFO - Data sent: {'temperature': 24.104756848837688, 'humidity': 68.26549732153339}, Response: 200
2025-01-15 15:03:12,778 - INFO - Data sent: {'temperature': 23.279215940623796, 'humidity': 51.74686010962059}, Response: 200
2025-01-15 15:03:37,810 - INFO - Data sent: {'temperature': 26.518750143068704, 'humidity': 61.48396429714647}, Response: 200
2025-01-15 15:04:02,836 - INFO - Data sent: {'temperature': 22.170677384037536, 'humidity': 66.22427337744949}, Response: 200
2025-01-15 15:04:27,844 - INFO - Data sent: {'temperature': 28.40291819907653, 'humidity': 59.70723878798606}, Response: 200
2025-01-15 15:04:52,875 - INFO - Data sent: {'temperature': 24.90180046299599, 'humidity': 55.775669285790045}, Response: 200
2025-01-15 15:05:17,908 - INFO - Data sent: {'temperature': 24.828864006066368, 'humidity': 51.83762148710835}, Response: 200
2025-01-15 15:05:42,933 - INFO - Data sent: {'temperature': 25.568113160349967, 'humidity': 50.95276988417672}, Response: 200
2025-01-15 15:06:07,940 - INFO - Data sent: {'temperature': 20.201552643586325, 'humidity': 63.90437787962411}, Response: 200
2025-01-15 15:06:32,970 - INFO - Data sent: {'temperature': 21.64603384803586, 'humidity': 53.04295977894317}, Response: 200
2025-01-15 15:06:58,001 - INFO - Data sent: {'temperature': 20.58054929168618, 'humidity': 63.323364165543815}, Response: 200
2025-01-15 15:07:23,032 - INFO - Data sent: {'temperature': 25.607185906657016, 'humidity': 51.89145719503961}, Response: 200
2025-01-15 15:07:48,047 - INFO - Data sent: {'temperature': 23.589149448116913, 'humidity': 61.05611072372298}, Response: 200
2025-01-15 15:08:13,078 - INFO - Data sent: {'temperature': 27.20865869247852, 'humidity': 63.06117099273257}, Response: 200
2025-01-15 15:08:38,109 - INFO - Data sent: {'temperature': 22.876752871366442, 'humidity': 56.65385430176382}, Response: 200
2025-01-15 15:09:03,119 - INFO - Data sent: {'temperature': 24.393993993696842, 'humidity': 67.0279310638779}, Response: 200
2025-01-15 15:09:28,153 - INFO - Data sent: {'temperature': 20.941103290992565, 'humidity': 62.07698334662367}, Response: 200
2025-01-15 15:09:53,185 - INFO - Data sent: {'temperature': 29.295170883263783, 'humidity': 68.37358777298684}, Response: 200
2025-01-15 15:10:18,207 - INFO - Data sent: {'temperature': 28.672443441837032, 'humidity': 62.20601558984458}, Response: 200
2025-01-15 15:10:43,238 - INFO - Data sent: {'temperature': 27.129905394223016, 'humidity': 61.54661777918347}, Response: 200
2025-01-15 15:11:08,269 - INFO - Data sent: {'temperature': 21.76217274009251, 'humidity': 50.564651012212096}, Response: 200
2025-01-15 15:11:33,300 - INFO - Data sent: {'temperature': 27.81982671988296, 'humidity': 57.418644144038275}, Response: 200
2025-01-15 15:11:58,331 - INFO - Data sent: {'temperature': 23.036334844840702, 'humidity': 61.88882562678744}, Response: 200
2025-01-15 15:14:28,096 - INFO - Starting Prometheus metrics server on port 8012
2025-01-15 15:14:28,097 - INFO - Device service started
2025-01-15 15:14:29,173 - INFO - Data sent: {'temperature': 27.12723902509656, 'humidity': 64.62487125927146}, Response: 200
2025-01-15 15:14:54,203 - INFO - Data sent: {'temperature': 22.392628016959137, 'humidity': 54.25797636943143}, Response: 200
2025-01-15 15:15:19,236 - INFO - Data sent: {'temperature': 28.151892953791066, 'humidity': 67.07956126094152}, Response: 200
2025-01-15 15:15:44,272 - INFO - Data sent: {'temperature': 24.032431095721137, 'humidity': 63.699770768744166}, Response: 200
2025-01-15 15:16:09,305 - INFO - Data sent: {'temperature': 20.69261131497328, 'humidity': 68.53023966725465}, Response: 200
2025-01-15 15:16:34,334 - INFO - Data sent: {'temperature': 24.049507392311448, 'humidity': 64.04717396264914}, Response: 200
2025-01-15 15:16:59,819 - INFO - Starting Prometheus metrics server on port 8012
2025-01-15 15:16:59,820 - INFO - Device service started
2025-01-15 15:17:03,837 - INFO - Data sent: {'temperature': 22.05307059791774, 'humidity': 68.08045589506315}, Response: 200
2025-01-15 15:17:28,868 - INFO - Data sent: {'temperature': 25.656752952422245, 'humidity': 62.037114901194286}, Response: 200
2025-01-15 15:17:53,884 - INFO - Data sent: {'temperature': 28.21192877079463, 'humidity': 66.22989082983909}, Response: 200
2025-01-15 15:18:18,916 - INFO - Data sent: {'temperature': 24.29634864245443, 'humidity': 52.2266959025108}, Response: 200
2025-01-15 15:18:43,947 - INFO - Data sent: {'temperature': 26.077823227090025, 'humidity': 67.24409271151461}, Response: 200
2025-01-15 15:20:19,692 - INFO - Starting Prometheus metrics server on port 8012
2025-01-15 15:20:19,695 - INFO - Device service started
2025-01-15 15:20:20,759 - INFO - Data sent: {'temperature': 20.65085041715697, 'humidity': 59.331281902346355}, Response: 200
2025-01-15 15:20:45,774 - INFO - Data sent: {'temperature': 23.2525061700178, 'humidity': 67.6476661988482}, Response: 200
2025-01-15 15:21:10,809 - INFO - Data sent: {'temperature': 22.279913072490935, 'humidity': 59.63402390061786}, Response: 200
2025-01-15 15:21:35,841 - INFO - Data sent: {'temperature': 23.799622199499094, 'humidity': 65.07788001138684}, Response: 200
2025-01-15 15:22:00,872 - INFO - Data sent: {'temperature': 29.450741145520553, 'humidity': 61.361154959688335}, Response: 200
2025-01-15 15:22:25,903 - INFO - Data sent: {'temperature': 22.060332019619757, 'humidity': 57.05656307779545}, Response: 200
2025-01-15 15:23:08,070 - INFO - Starting Prometheus metrics server on port 8012
2025-01-15 15:23:08,072 - INFO - Device service started
2025-01-15 15:23:09,141 - ERROR - Error sending data: HTTPConnectionPool(host='gateway', port=8000): Max retries exceeded with url: /data (Caused by NewConnectionError('<urllib3.connection.HTTPConnection object at 0x7f7198711790>: Failed to establish a new connection: [Errno 111] Connection refused'))
2025-01-15 15:23:34,177 - INFO - Data sent: {'temperature': 29.633899337644436, 'humidity': 55.57348899214918}, Response: 200
2025-01-15 15:23:59,185 - INFO - Data sent: {'temperature': 22.107513006628363, 'humidity': 60.24921625732152}, Response: 200
2025-01-15 15:24:24,218 - INFO - Data sent: {'temperature': 24.175440036016035, 'humidity': 55.754895076651714}, Response: 200
2025-01-15 15:24:49,249 - INFO - Data sent: {'temperature': 28.290526738022912, 'humidity': 50.73640563247043}, Response: 200
2025-01-15 15:25:14,274 - ERROR - Error sending data: HTTPConnectionPool(host='gateway', port=8000): Max retries exceeded with url: /data (Caused by NewConnectionError('<urllib3.connection.HTTPConnection object at 0x7f719884f5e0>: Failed to establish a new connection: [Errno 111] Connection refused'))
2025-01-15 15:29:58,650 - INFO - Starting Prometheus metrics server on port 8012
2025-01-15 15:29:58,651 - INFO - Device service started
2025-01-15 15:29:59,693 - INFO - Data sent: {'temperature': 23.907509954313145, 'humidity': 69.18923841909468}, Response: 200
2025-01-15 15:30:24,725 - INFO - Data sent: {'temperature': 24.700905083147, 'humidity': 58.15754940022821}, Response: 200
2025-01-15 15:30:49,758 - INFO - Data sent: {'temperature': 20.14401255386879, 'humidity': 59.795404591141896}, Response: 200
2025-01-15 15:31:14,789 - INFO - Data sent: {'temperature': 20.99985469015631, 'humidity': 59.14673060279662}, Response: 200
2025-01-15 15:31:39,814 - INFO - Data sent: {'temperature': 27.237313497433778, 'humidity': 61.82453975196984}, Response: 200
2025-01-15 15:32:04,846 - INFO - Data sent: {'temperature': 24.02444654184114, 'humidity': 64.4900650548263}, Response: 200
2025-01-15 15:32:29,872 - ERROR - Error sending data: HTTPConnectionPool(host='gateway', port=8000): Max retries exceeded with url: /data (Caused by NewConnectionError('<urllib3.connection.HTTPConnection object at 0x7fd74e5746a0>: Failed to establish a new connection: [Errno 111] Connection refused'))
2025-01-15 15:39:24,260 - INFO - Starting Prometheus metrics server on port 8012
2025-01-15 15:39:24,261 - INFO - Device service started
2025-01-15 15:39:25,278 - INFO - Data sent: {'temperature': 22.076013092594877, 'humidity': 50.32809659835751}, Response: 200
2025-01-15 15:39:50,304 - INFO - Data sent: {'temperature': 23.94884360240566, 'humidity': 59.01247832266075}, Response: 200
2025-01-15 15:40:15,336 - INFO - Data sent: {'temperature': 23.05930039676088, 'humidity': 55.38632584561318}, Response: 200
2025-01-15 15:40:40,362 - ERROR - Error sending data: HTTPConnectionPool(host='gateway', port=8000): Max retries exceeded with url: /data (Caused by NewConnectionError('<urllib3.connection.HTTPConnection object at 0x7f3fa6fc0ee0>: Failed to establish a new connection: [Errno 111] Connection refused'))
2025-01-15 16:21:25,431 - INFO - Starting Prometheus metrics server on port 8012
2025-01-15 16:21:25,434 - INFO - Device service started
2025-01-15 16:21:26,477 - INFO - Data sent: {'temperature': 22.10458834279114, 'humidity': 62.30474937479617}, Response: 200
2025-01-15 16:21:51,505 - INFO - Data sent: {'temperature': 29.391282077160987, 'humidity': 54.38610475390279}, Response: 200
2025-01-15 16:22:16,527 - INFO - Data sent: {'temperature': 24.943612151245105, 'humidity': 67.0155422747091}, Response: 200
2025-01-15 16:22:41,543 - INFO - Data sent: {'temperature': 26.84465053193218, 'humidity': 51.11751937558962}, Response: 200
2025-01-15 16:23:06,568 - INFO - Data sent: {'temperature': 26.66020302002121, 'humidity': 59.08176321382851}, Response: 200
2025-01-15 16:23:31,598 - INFO - Data sent: {'temperature': 27.04339830663676, 'humidity': 63.02159121162653}, Response: 200
2025-01-15 16:23:56,626 - INFO - Data sent: {'temperature': 26.75274267740342, 'humidity': 62.14614829075115}, Response: 200
2025-01-15 16:24:21,656 - INFO - Data sent: {'temperature': 24.846325250784748, 'humidity': 54.06660463276821}, Response: 200
2025-01-15 16:24:46,682 - INFO - Data sent: {'temperature': 22.66124071489575, 'humidity': 50.090646566880295}, Response: 200
2025-01-15 16:25:11,713 - INFO - Data sent: {'temperature': 22.48396084596907, 'humidity': 52.830604646757536}, Response: 200
2025-01-15 16:25:36,740 - INFO - Data sent: {'temperature': 28.263859770440597, 'humidity': 62.048695144830596}, Response: 200
2025-01-15 16:26:01,771 - INFO - Data sent: {'temperature': 27.146843791439323, 'humidity': 55.835296299605766}, Response: 200
2025-01-15 16:26:26,794 - INFO - Data sent: {'temperature': 21.15552541227307, 'humidity': 66.77356782255907}, Response: 200
2025-01-15 16:26:51,804 - INFO - Data sent: {'temperature': 20.942322830780196, 'humidity': 53.8674932862594}, Response: 200
2025-01-15 16:27:16,835 - INFO - Data sent: {'temperature': 23.590555119767437, 'humidity': 68.49199559300577}, Response: 200
2025-01-15 16:27:41,866 - INFO - Data sent: {'temperature': 23.191368495409417, 'humidity': 66.01586116657137}, Response: 200
2025-01-15 16:28:06,897 - INFO - Data sent: {'temperature': 26.3852979198818, 'humidity': 67.22988878511512}, Response: 200
2025-01-15 16:28:31,928 - INFO - Data sent: {'temperature': 29.903755455457695, 'humidity': 52.94058034010626}, Response: 200
2025-01-15 16:28:56,960 - INFO - Data sent: {'temperature': 26.872594496853672, 'humidity': 55.43992385028891}, Response: 200
2025-01-15 16:29:21,993 - INFO - Data sent: {'temperature': 24.178152152176594, 'humidity': 59.183602017549795}, Response: 200
2025-01-15 16:29:47,024 - INFO - Data sent: {'temperature': 24.38449736087867, 'humidity': 58.26114247907366}, Response: 200
2025-01-15 16:30:20,052 - ERROR - Error sending data: HTTPConnectionPool(host='gateway', port=8000): Max retries exceeded with url: /data (Caused by NameResolutionError("<urllib3.connection.HTTPConnection object at 0x7fb1c0e9fa30>: Failed to resolve 'gateway' ([Errno -3] Temporary failure in name resolution)"))
2025-01-15 16:30:40,971 - INFO - Starting Prometheus metrics server on port 8012
2025-01-15 16:30:40,972 - INFO - Device service started
2025-01-15 16:30:42,037 - INFO - Data sent: {'temperature': 21.54084944736899, 'humidity': 62.96517086544992}, Response: 200
2025-01-15 16:31:07,063 - INFO - Data sent: {'temperature': 24.693150212202685, 'humidity': 61.31220338199382}, Response: 200
2025-01-15 16:31:32,096 - INFO - Data sent: {'temperature': 27.721445215432674, 'humidity': 67.29437027159335}, Response: 200
2025-01-15 16:31:57,127 - INFO - Data sent: {'temperature': 27.311385794310716, 'humidity': 69.93781527892068}, Response: 200
2025-01-15 16:32:22,160 - INFO - Data sent: {'temperature': 22.395627866302693, 'humidity': 61.760909000496554}, Response: 200
2025-01-15 16:32:47,192 - INFO - Data sent: {'temperature': 22.541458382690138, 'humidity': 68.8080779585729}, Response: 200
2025-01-15 16:33:12,224 - INFO - Data sent: {'temperature': 27.049673144636493, 'humidity': 64.84409529268501}, Response: 200
2025-01-15 16:33:37,255 - INFO - Data sent: {'temperature': 27.819597579277186, 'humidity': 63.276695439483305}, Response: 200
2025-01-15 16:34:02,285 - INFO - Data sent: {'temperature': 22.897001349343935, 'humidity': 64.61229737083075}, Response: 200
2025-01-15 16:34:27,313 - INFO - Data sent: {'temperature': 29.459070159406693, 'humidity': 64.06113989523449}, Response: 200
2025-01-15 16:35:33,436 - INFO - Starting Prometheus metrics server on port 8012
2025-01-15 16:35:33,437 - INFO - Device service started
2025-01-15 16:35:34,503 - INFO - Data sent: {'temperature': 26.965298803990294, 'humidity': 60.48183107863179}, Response: 200
2025-01-15 16:35:59,536 - INFO - Data sent: {'temperature': 24.07147399124142, 'humidity': 52.17711900360088}, Response: 200
2025-01-15 16:36:24,570 - INFO - Data sent: {'temperature': 21.191406185335435, 'humidity': 60.586570416738475}, Response: 200
2025-01-15 16:36:49,578 - INFO - Data sent: {'temperature': 24.8736410933393, 'humidity': 59.19344009399267}, Response: 200
2025-01-15 16:37:14,591 - INFO - Data sent: {'temperature': 23.68095504675877, 'humidity': 60.70857595523208}, Response: 200
2025-01-15 16:37:39,621 - INFO - Data sent: {'temperature': 28.317277923023944, 'humidity': 63.61320762567274}, Response: 200
2025-01-15 16:38:04,652 - INFO - Data sent: {'temperature': 25.08486853246751, 'humidity': 63.6471960325638}, Response: 200
2025-01-15 16:38:29,684 - INFO - Data sent: {'temperature': 27.244472781671167, 'humidity': 62.07608559149869}, Response: 200
2025-01-15 16:38:54,712 - INFO - Data sent: {'temperature': 29.52173257279579, 'humidity': 66.67053038348487}, Response: 200
2025-01-15 16:39:19,743 - INFO - Data sent: {'temperature': 22.329539982696307, 'humidity': 51.45187500109078}, Response: 200
2025-01-15 16:39:44,771 - INFO - Data sent: {'temperature': 21.084681348547377, 'humidity': 68.0441562757466}, Response: 200
2025-01-15 16:40:09,802 - INFO - Data sent: {'temperature': 27.876967825788093, 'humidity': 63.17991342994324}, Response: 200
2025-01-15 16:40:34,833 - INFO - Data sent: {'temperature': 25.881423585351623, 'humidity': 51.11165670059664}, Response: 200
2025-01-15 16:40:59,864 - INFO - Data sent: {'temperature': 28.227687512956905, 'humidity': 60.986749198020576}, Response: 200
2025-01-15 16:41:24,899 - INFO - Data sent: {'temperature': 27.052747385628916, 'humidity': 57.183197651587}, Response: 200
2025-01-15 16:41:49,930 - INFO - Data sent: {'temperature': 28.567420872143675, 'humidity': 67.78222258537966}, Response: 200
2025-01-15 16:42:14,964 - INFO - Data sent: {'temperature': 28.360099795132726, 'humidity': 66.24484520766924}, Response: 200
2025-01-15 16:42:39,995 - INFO - Data sent: {'temperature': 27.729239763458956, 'humidity': 51.360374824537594}, Response: 200
2025-01-15 16:43:05,026 - INFO - Data sent: {'temperature': 21.128099291144004, 'humidity': 56.906952698486165}, Response: 200
2025-01-15 16:44:01,740 - INFO - Starting Prometheus metrics server on port 8012
2025-01-15 16:44:01,742 - INFO - Device service started
2025-01-15 16:44:02,803 - INFO - Data sent: {'temperature': 21.398435428099923, 'humidity': 65.58785636162659}, Response: 200
2025-01-15 16:44:27,832 - INFO - Data sent: {'temperature': 29.472160238027463, 'humidity': 57.08733315144936}, Response: 200
2025-01-15 16:44:52,866 - INFO - Data sent: {'temperature': 23.665216203569116, 'humidity': 60.81739970458289}, Response: 200
2025-01-15 16:45:17,900 - INFO - Data sent: {'temperature': 25.059198431031255, 'humidity': 68.09877283339645}, Response: 200
2025-01-15 16:45:42,933 - INFO - Data sent: {'temperature': 29.824710556449123, 'humidity': 59.60311018710197}, Response: 200
2025-01-15 16:46:07,965 - INFO - Data sent: {'temperature': 25.461774969013657, 'humidity': 61.75993167927088}, Response: 200
2025-01-15 16:46:32,997 - INFO - Data sent: {'temperature': 29.72546452451458, 'humidity': 62.66415774960965}, Response: 200
2025-01-15 16:46:58,030 - INFO - Data sent: {'temperature': 23.460655285525327, 'humidity': 56.00712311715459}, Response: 200
2025-01-15 16:47:23,064 - INFO - Data sent: {'temperature': 21.539852375850252, 'humidity': 53.55031758316218}, Response: 200
2025-01-15 16:47:48,087 - INFO - Data sent: {'temperature': 27.66008540680988, 'humidity': 66.79743346772308}, Response: 200
2025-01-15 16:48:13,118 - INFO - Data sent: {'temperature': 28.33421235539906, 'humidity': 51.86836429178496}, Response: 200
2025-01-15 16:48:38,150 - INFO - Data sent: {'temperature': 27.90187428065439, 'humidity': 50.57181622246716}, Response: 200
2025-01-15 16:49:03,181 - INFO - Data sent: {'temperature': 28.89407923657287, 'humidity': 62.65123396493795}, Response: 200
2025-01-15 16:49:28,213 - INFO - Data sent: {'temperature': 28.56665426365885, 'humidity': 66.16278865238182}, Response: 200
2025-01-15 16:49:53,245 - INFO - Data sent: {'temperature': 27.778383890616887, 'humidity': 58.12959467133864}, Response: 200
2025-01-15 16:50:23,978 - INFO - Starting Prometheus metrics server on port 8012
2025-01-15 16:50:23,979 - INFO - Device service started
2025-01-15 16:50:25,026 - INFO - Data sent: {'temperature': 28.86378427722949, 'humidity': 57.98412528490846}, Response: 200
2025-01-15 16:50:50,058 - INFO - Data sent: {'temperature': 21.80346879963504, 'humidity': 53.23272555564794}, Response: 200
2025-01-15 16:51:15,089 - INFO - Data sent: {'temperature': 22.790701060860453, 'humidity': 62.76706829814636}, Response: 200
2025-01-15 16:51:40,102 - INFO - Data sent: {'temperature': 23.585319478808593, 'humidity': 57.723177242594474}, Response: 200
2025-01-15 16:52:05,119 - INFO - Data sent: {'temperature': 27.884592875046287, 'humidity': 52.967494166580465}, Response: 200
2025-01-15 16:52:30,148 - INFO - Data sent: {'temperature': 20.478573785385116, 'humidity': 54.77395896000958}, Response: 200
2025-01-15 16:52:55,181 - INFO - Data sent: {'temperature': 21.045118637780355, 'humidity': 63.96826532878752}, Response: 200
2025-01-15 16:53:20,213 - INFO - Data sent: {'temperature': 21.195717264810945, 'humidity': 54.32487654785859}, Response: 200
2025-01-15 16:53:45,244 - INFO - Data sent: {'temperature': 20.271783602765254, 'humidity': 66.24251215785918}, Response: 200
2025-01-15 16:54:10,268 - INFO - Data sent: {'temperature': 23.581013451940503, 'humidity': 55.296619284584565}, Response: 200
2025-01-15 16:54:35,300 - INFO - Data sent: {'temperature': 22.41014327549435, 'humidity': 57.21022237188799}, Response: 200
2025-01-15 16:55:00,333 - INFO - Data sent: {'temperature': 26.270838298385137, 'humidity': 64.79797653749705}, Response: 200
2025-01-15 16:55:25,367 - INFO - Data sent: {'temperature': 27.215429415147593, 'humidity': 55.891226351320206}, Response: 200
2025-01-15 16:55:50,399 - INFO - Data sent: {'temperature': 27.954971621369396, 'humidity': 51.1151915767511}, Response: 200
2025-01-15 16:56:15,427 - INFO - Data sent: {'temperature': 24.128687589367267, 'humidity': 63.160958585933535}, Response: 200
2025-01-15 16:56:40,434 - INFO - Data sent: {'temperature': 28.810111875784777, 'humidity': 61.74222764947441}, Response: 200
2025-01-15 16:57:05,465 - INFO - Data sent: {'temperature': 24.45982912291293, 'humidity': 57.24190156417843}, Response: 200
2025-01-15 16:57:30,496 - INFO - Data sent: {'temperature': 27.349529604766634, 'humidity': 54.10908872617341}, Response: 200
2025-01-15 16:57:55,529 - INFO - Data sent: {'temperature': 26.355745732247527, 'humidity': 61.53214388749431}, Response: 200
2025-01-15 16:58:20,561 - INFO - Data sent: {'temperature': 25.030835415203484, 'humidity': 58.049932789123545}, Response: 200
2025-01-15 16:58:45,576 - INFO - Data sent: {'temperature': 20.447707634738016, 'humidity': 53.63808067623189}, Response: 200
2025-01-15 16:59:10,609 - INFO - Data sent: {'temperature': 24.20160077918831, 'humidity': 68.94112741355171}, Response: 200
2025-01-15 16:59:35,625 - INFO - Data sent: {'temperature': 24.95219754859196, 'humidity': 57.46332379719595}, Response: 200
2025-01-15 17:00:00,657 - INFO - Data sent: {'temperature': 22.44739909664229, 'humidity': 64.25394578154908}, Response: 200
2025-01-15 17:00:25,690 - INFO - Data sent: {'temperature': 25.315738165795075, 'humidity': 57.42139462074863}, Response: 200
2025-01-15 17:00:50,721 - INFO - Data sent: {'temperature': 25.050407041289894, 'humidity': 62.342815935335764}, Response: 200
2025-01-15 17:01:15,753 - INFO - Data sent: {'temperature': 23.535562410076498, 'humidity': 52.49970581501372}, Response: 200
2025-01-15 17:01:40,776 - INFO - Data sent: {'temperature': 26.145272024062862, 'humidity': 58.55271772843993}, Response: 200
2025-01-15 17:02:05,808 - INFO - Data sent: {'temperature': 25.92538850373081, 'humidity': 62.83355598379097}, Response: 200
2025-01-15 17:02:30,835 - INFO - Data sent: {'temperature': 28.52848260236643, 'humidity': 57.164401984513006}, Response: 200
2025-01-15 17:02:55,867 - INFO - Data sent: {'temperature': 27.04840387376151, 'humidity': 60.31280174746799}, Response: 200
2025-01-15 17:03:20,873 - INFO - Data sent: {'temperature': 27.726172039011594, 'humidity': 69.26983740969779}, Response: 200
2025-01-15 17:03:45,899 - INFO - Data sent: {'temperature': 27.657077158319346, 'humidity': 56.101196725528276}, Response: 200
2025-01-15 17:04:10,933 - INFO - Data sent: {'temperature': 26.970787567443253, 'humidity': 57.859183541910085}, Response: 200
2025-01-15 17:04:35,965 - INFO - Data sent: {'temperature': 23.50695621736902, 'humidity': 54.692574006648634}, Response: 200
2025-01-15 17:05:00,996 - INFO - Data sent: {'temperature': 21.65731012641244, 'humidity': 53.03908727851233}, Response: 200
2025-01-15 17:05:26,029 - INFO - Data sent: {'temperature': 26.579454567390513, 'humidity': 63.26790194371304}, Response: 200
2025-01-15 17:05:51,060 - INFO - Data sent: {'temperature': 27.84843851968187, 'humidity': 55.24465488968155}, Response: 200
2025-01-15 17:06:16,080 - INFO - Data sent: {'temperature': 25.88280794869908, 'humidity': 69.9345626217673}, Response: 200
2025-01-15 17:06:41,111 - INFO - Data sent: {'temperature': 22.74302390480143, 'humidity': 66.12034540080266}, Response: 200
2025-01-15 17:07:31,922 - INFO - Starting Prometheus metrics server on port 8012
2025-01-15 17:07:31,924 - INFO - Device service started
2025-01-15 17:07:32,982 - INFO - Data sent: {'temperature': 24.443218779438013, 'humidity': 50.25328566370744}, Response: 200
2025-01-15 17:07:58,015 - INFO - Data sent: {'temperature': 28.623839673532814, 'humidity': 60.49873182375484}, Response: 200
2025-01-15 17:08:23,047 - INFO - Data sent: {'temperature': 21.597860005193645, 'humidity': 65.55872578608061}, Response: 200
2025-01-15 17:08:48,079 - INFO - Data sent: {'temperature': 22.79480278934932, 'humidity': 66.77274887697735}, Response: 200
2025-01-15 17:09:13,105 - INFO - Data sent: {'temperature': 29.414273403771375, 'humidity': 51.08554469677952}, Response: 200
2025-01-15 17:09:38,137 - INFO - Data sent: {'temperature': 26.165358677395453, 'humidity': 56.861899020829085}, Response: 200
2025-01-15 17:10:03,168 - INFO - Data sent: {'temperature': 24.419300539437668, 'humidity': 55.089143828844335}, Response: 200
2025-01-15 17:10:28,200 - INFO - Data sent: {'temperature': 22.65200657529045, 'humidity': 54.81030480123577}, Response: 200
2025-01-15 17:10:53,232 - INFO - Data sent: {'temperature': 25.312764858379815, 'humidity': 63.36163441369466}, Response: 200
2025-01-15 17:11:18,250 - INFO - Data sent: {'temperature': 24.141573509585136, 'humidity': 61.35680933409209}, Response: 200
2025-01-15 17:11:43,281 - INFO - Data sent: {'temperature': 24.038625820804477, 'humidity': 55.718251064939416}, Response: 200
2025-01-15 17:12:08,315 - INFO - Data sent: {'temperature': 22.069311297475526, 'humidity': 56.46398649450012}, Response: 200
2025-01-15 17:12:33,343 - INFO - Data sent: {'temperature': 27.605329735734955, 'humidity': 52.56732986828399}, Response: 200
2025-01-15 17:12:58,375 - INFO - Data sent: {'temperature': 23.151344314313725, 'humidity': 55.41135198188154}, Response: 200
2025-01-15 17:13:23,408 - INFO - Data sent: {'temperature': 20.162599727713822, 'humidity': 58.67796080019179}, Response: 200
2025-01-15 17:13:48,440 - INFO - Data sent: {'temperature': 29.322671969507944, 'humidity': 69.21403971069671}, Response: 200
2025-01-15 17:14:13,459 - INFO - Data sent: {'temperature': 23.488067180121515, 'humidity': 54.83750454263645}, Response: 200
2025-01-15 17:14:38,490 - INFO - Data sent: {'temperature': 28.143122604101833, 'humidity': 68.64664060591262}, Response: 200
2025-01-15 17:15:03,521 - INFO - Data sent: {'temperature': 21.866423652566404, 'humidity': 59.153101665823904}, Response: 200
2025-01-15 17:15:28,554 - INFO - Data sent: {'temperature': 27.168464413996013, 'humidity': 56.70817923132753}, Response: 200
2025-01-15 17:15:53,588 - INFO - Data sent: {'temperature': 21.764610175805572, 'humidity': 51.1921537881422}, Response: 200
2025-01-15 17:16:18,619 - INFO - Data sent: {'temperature': 24.512493856488963, 'humidity': 50.52094416782272}, Response: 200
2025-01-15 17:16:43,653 - INFO - Data sent: {'temperature': 25.57084123635141, 'humidity': 69.35986965002084}, Response: 200
2025-01-15 17:17:08,684 - INFO - Data sent: {'temperature': 21.179060999227726, 'humidity': 56.3129820728192}, Response: 200
2025-01-15 17:17:33,717 - INFO - Data sent: {'temperature': 28.89892490406808, 'humidity': 66.9569545564379}, Response: 200
2025-01-15 17:17:58,750 - INFO - Data sent: {'temperature': 24.524287333527298, 'humidity': 64.37331276451765}, Response: 200
2025-01-15 17:18:23,762 - INFO - Data sent: {'temperature': 20.52100435338074, 'humidity': 56.72084226900287}, Response: 200
2025-01-15 17:18:48,793 - INFO - Data sent: {'temperature': 29.84841110905712, 'humidity': 69.80676412881694}, Response: 200
2025-01-15 17:19:13,821 - INFO - Data sent: {'temperature': 26.885254956827062, 'humidity': 61.59247647592863}, Response: 200
2025-01-15 17:19:38,843 - INFO - Data sent: {'temperature': 20.587795364672946, 'humidity': 65.99261712595013}, Response: 200
2025-01-15 17:20:03,874 - INFO - Data sent: {'temperature': 24.627595318099686, 'humidity': 57.425350284256396}, Response: 200
2025-01-15 17:20:28,906 - INFO - Data sent: {'temperature': 23.69271268617851, 'humidity': 68.72523214936415}, Response: 200
2025-01-15 17:20:53,918 - INFO - Data sent: {'temperature': 23.765873823904386, 'humidity': 52.728956614306256}, Response: 200
2025-01-15 17:21:18,950 - INFO - Data sent: {'temperature': 29.722654627126843, 'humidity': 50.534420737044385}, Response: 200
2025-01-15 17:21:43,977 - INFO - Data sent: {'temperature': 21.6750030221911, 'humidity': 68.51808900327333}, Response: 200
2025-01-15 17:22:09,008 - INFO - Data sent: {'temperature': 22.43648408129254, 'humidity': 56.32382482804529}, Response: 200
2025-01-15 17:22:34,042 - INFO - Data sent: {'temperature': 27.58303842956543, 'humidity': 68.95460555247415}, Response: 200
2025-01-15 17:22:59,075 - INFO - Data sent: {'temperature': 23.46411752444, 'humidity': 60.46160530131676}, Response: 200
2025-01-15 17:23:24,108 - INFO - Data sent: {'temperature': 26.95714145555619, 'humidity': 60.55558184687235}, Response: 200
2025-01-15 17:23:49,139 - INFO - Data sent: {'temperature': 28.640812942665598, 'humidity': 62.8968689715594}, Response: 200
2025-01-15 17:24:14,171 - INFO - Data sent: {'temperature': 29.887916087705737, 'humidity': 56.87060401494214}, Response: 200
2025-01-15 17:24:39,203 - INFO - Data sent: {'temperature': 22.878101229442525, 'humidity': 50.734244809744816}, Response: 200
2025-01-15 17:25:04,235 - INFO - Data sent: {'temperature': 26.124679174815224, 'humidity': 63.10220135469504}, Response: 200
2025-01-15 17:25:29,266 - INFO - Data sent: {'temperature': 29.120579662836388, 'humidity': 69.41224917342231}, Response: 200
2025-01-15 17:25:54,300 - INFO - Data sent: {'temperature': 25.831616377460193, 'humidity': 67.45066016243669}, Response: 200
2025-01-15 17:26:19,331 - INFO - Data sent: {'temperature': 27.276885008351393, 'humidity': 54.311190216370164}, Response: 200
2025-01-15 17:26:44,342 - INFO - Data sent: {'temperature': 29.351941254002636, 'humidity': 58.44614692016421}, Response: 200
2025-01-15 17:27:09,371 - INFO - Data sent: {'temperature': 29.969536429738778, 'humidity': 57.64926933787004}, Response: 200
2025-01-15 17:27:34,385 - INFO - Data sent: {'temperature': 28.290904583641705, 'humidity': 55.1004140940234}, Response: 200
2025-01-15 17:27:59,416 - INFO - Data sent: {'temperature': 27.51515214328368, 'humidity': 66.60573733242657}, Response: 200
2025-01-15 17:28:24,449 - INFO - Data sent: {'temperature': 24.217965284144356, 'humidity': 56.900674543073094}, Response: 200
2025-01-15 17:28:49,481 - INFO - Data sent: {'temperature': 26.311735929805693, 'humidity': 60.34504872173263}, Response: 200
2025-01-15 17:29:14,513 - INFO - Data sent: {'temperature': 25.06699972359574, 'humidity': 51.58216624843402}, Response: 200
2025-01-15 17:29:39,545 - INFO - Data sent: {'temperature': 27.91777166568071, 'humidity': 59.57743488469058}, Response: 200
2025-01-15 17:30:04,555 - INFO - Data sent: {'temperature': 20.331602436572133, 'humidity': 53.935410490869124}, Response: 200
2025-01-15 17:30:29,586 - INFO - Data sent: {'temperature': 21.09343713113782, 'humidity': 60.858627020380844}, Response: 200
2025-01-15 17:30:54,621 - INFO - Data sent: {'temperature': 21.49788806218577, 'humidity': 64.36516923922154}, Response: 200
2025-01-15 17:31:19,652 - INFO - Data sent: {'temperature': 20.069535417654222, 'humidity': 66.20432472480819}, Response: 200
2025-01-15 17:31:44,684 - INFO - Data sent: {'temperature': 22.253481981969266, 'humidity': 50.226746196446506}, Response: 200
2025-01-15 17:32:09,705 - INFO - Data sent: {'temperature': 20.51748375721148, 'humidity': 68.33055263223218}, Response: 200
2025-01-15 17:32:34,737 - INFO - Data sent: {'temperature': 22.461474877360445, 'humidity': 69.52305024602067}, Response: 200
2025-01-15 17:32:59,760 - INFO - Data sent: {'temperature': 28.201424594921832, 'humidity': 55.08399898304503}, Response: 200
2025-01-15 17:33:24,793 - INFO - Data sent: {'temperature': 24.806064308135163, 'humidity': 58.74201062823082}, Response: 200
2025-01-15 17:33:49,824 - INFO - Data sent: {'temperature': 29.328694229912383, 'humidity': 52.07931380831297}, Response: 200
2025-01-15 17:34:14,855 - INFO - Data sent: {'temperature': 29.154782818262213, 'humidity': 59.65231701735996}, Response: 200
2025-01-15 17:34:39,887 - INFO - Data sent: {'temperature': 23.74408456936708, 'humidity': 68.8257651316622}, Response: 200
2025-01-15 17:35:04,918 - INFO - Data sent: {'temperature': 21.77018213076439, 'humidity': 52.76980271515039}, Response: 200
2025-01-15 17:35:29,948 - INFO - Data sent: {'temperature': 25.369251725187112, 'humidity': 59.801514012782306}, Response: 200
2025-01-15 17:35:54,980 - INFO - Data sent: {'temperature': 27.489303653409532, 'humidity': 57.65047129353044}, Response: 200
2025-01-15 17:36:20,011 - INFO - Data sent: {'temperature': 21.439016730294867, 'humidity': 56.47130127129177}, Response: 200
2025-01-15 17:36:45,034 - INFO - Data sent: {'temperature': 27.003337054714386, 'humidity': 51.68521390318267}, Response: 200
2025-01-15 17:37:10,048 - INFO - Data sent: {'temperature': 22.655257249283576, 'humidity': 52.12506332736846}, Response: 200
2025-01-15 17:37:35,080 - INFO - Data sent: {'temperature': 25.33254568681018, 'humidity': 53.6497424347996}, Response: 200
2025-01-15 17:38:00,112 - INFO - Data sent: {'temperature': 22.375151176273487, 'humidity': 55.09766633292965}, Response: 200
2025-01-15 17:38:25,144 - INFO - Data sent: {'temperature': 26.198387684454463, 'humidity': 64.24464565954698}, Response: 200
2025-01-15 17:38:50,175 - INFO - Data sent: {'temperature': 26.03647125434986, 'humidity': 59.727477940519265}, Response: 200
2025-01-15 17:39:15,206 - INFO - Data sent: {'temperature': 29.688490932037027, 'humidity': 66.26064311265613}, Response: 200
2025-01-15 17:39:40,243 - INFO - Data sent: {'temperature': 25.994319299611654, 'humidity': 65.53182323081518}, Response: 200
2025-01-15 17:40:05,267 - INFO - Data sent: {'temperature': 21.098194858659117, 'humidity': 57.03725901197355}, Response: 200
2025-01-15 17:40:30,294 - INFO - Data sent: {'temperature': 25.095101803001114, 'humidity': 64.3394757574354}, Response: 200
2025-01-15 17:40:55,328 - INFO - Data sent: {'temperature': 26.97362879389572, 'humidity': 59.47978763358515}, Response: 200
2025-01-15 17:41:20,359 - INFO - Data sent: {'temperature': 25.577876832477692, 'humidity': 65.32852889855617}, Response: 200
2025-01-15 17:41:45,371 - INFO - Data sent: {'temperature': 27.995717296484578, 'humidity': 58.97527795226891}, Response: 200
2025-01-15 17:42:10,402 - INFO - Data sent: {'temperature': 27.97082923218457, 'humidity': 65.26221346514515}, Response: 200
2025-01-15 17:42:35,436 - INFO - Data sent: {'temperature': 21.965924099437018, 'humidity': 53.91717063395901}, Response: 200
2025-01-15 17:43:00,443 - INFO - Data sent: {'temperature': 23.328604190977906, 'humidity': 54.13121827913788}, Response: 200
2025-01-15 17:43:25,476 - INFO - Data sent: {'temperature': 23.361128545300016, 'humidity': 69.12010399496775}, Response: 200
2025-01-15 17:43:50,508 - INFO - Data sent: {'temperature': 29.54531365340636, 'humidity': 68.98284245417335}, Response: 200
2025-01-15 17:44:15,539 - INFO - Data sent: {'temperature': 26.422502126535242, 'humidity': 50.45043097765719}, Response: 200
2025-01-15 17:44:40,571 - INFO - Data sent: {'temperature': 21.520027335904402, 'humidity': 56.8418914914951}, Response: 200
2025-01-15 17:45:05,602 - INFO - Data sent: {'temperature': 29.442815733596877, 'humidity': 69.18784723796334}, Response: 200
2025-01-15 17:45:30,634 - INFO - Data sent: {'temperature': 26.246779476653966, 'humidity': 55.73304699472777}, Response: 200
2025-01-15 17:45:55,668 - INFO - Data sent: {'temperature': 22.491072505048958, 'humidity': 68.05690110874862}, Response: 200
2025-01-15 17:46:20,700 - INFO - Data sent: {'temperature': 21.819878291714627, 'humidity': 57.42866061962938}, Response: 200
2025-01-15 17:46:45,732 - INFO - Data sent: {'temperature': 25.793477440326097, 'humidity': 58.107215414001686}, Response: 200
2025-01-15 17:47:10,765 - INFO - Data sent: {'temperature': 24.322088489258352, 'humidity': 58.87425206210477}, Response: 200
2025-01-15 17:47:35,781 - INFO - Data sent: {'temperature': 26.847701800730164, 'humidity': 60.530429355586804}, Response: 200
2025-01-15 17:48:00,812 - INFO - Data sent: {'temperature': 26.49633739055529, 'humidity': 66.84190323286242}, Response: 200
2025-01-15 17:48:25,845 - INFO - Data sent: {'temperature': 26.410135905543616, 'humidity': 69.695316219671}, Response: 200
2025-01-15 17:48:50,852 - INFO - Data sent: {'temperature': 23.333410869483917, 'humidity': 55.912538453096516}, Response: 200
2025-01-15 17:49:15,867 - INFO - Data sent: {'temperature': 28.94754712719056, 'humidity': 58.81791053845001}, Response: 200
2025-01-15 17:49:40,899 - INFO - Data sent: {'temperature': 22.257330559567905, 'humidity': 67.34727979715875}, Response: 200
2025-01-15 17:50:05,912 - INFO - Data sent: {'temperature': 22.653387704211884, 'humidity': 54.65297989416073}, Response: 200
2025-01-15 17:50:30,938 - INFO - Data sent: {'temperature': 26.16392866812754, 'humidity': 53.31274064473532}, Response: 200
2025-01-15 17:50:55,971 - INFO - Data sent: {'temperature': 23.16164378610877, 'humidity': 65.07656167142646}, Response: 200
2025-01-15 17:51:20,995 - INFO - Data sent: {'temperature': 20.270684401422216, 'humidity': 62.05518019053095}, Response: 200
2025-01-15 17:51:46,007 - INFO - Data sent: {'temperature': 28.50710705511969, 'humidity': 64.84056734809053}, Response: 200
2025-01-15 17:52:11,034 - INFO - Data sent: {'temperature': 25.671510223874076, 'humidity': 63.503957824801425}, Response: 200
2025-01-15 17:52:36,058 - INFO - Data sent: {'temperature': 29.660879857663904, 'humidity': 64.0690624118017}, Response: 200
2025-01-15 17:53:01,090 - INFO - Data sent: {'temperature': 28.428078073630445, 'humidity': 63.685044404654995}, Response: 200
2025-01-15 17:53:26,123 - INFO - Data sent: {'temperature': 22.666834209279536, 'humidity': 67.65004929577186}, Response: 200
2025-01-15 17:53:51,155 - INFO - Data sent: {'temperature': 21.070011239721815, 'humidity': 58.16024715506821}, Response: 200
2025-01-15 17:54:16,186 - INFO - Data sent: {'temperature': 27.623770309540788, 'humidity': 65.66063822289587}, Response: 200
2025-01-15 17:54:41,218 - INFO - Data sent: {'temperature': 22.403011127304314, 'humidity': 59.67362396551073}, Response: 200
2025-01-15 17:55:06,249 - INFO - Data sent: {'temperature': 23.51950914852231, 'humidity': 53.98011031472072}, Response: 200
2025-01-15 17:55:31,256 - INFO - Data sent: {'temperature': 24.414292502639633, 'humidity': 67.81613541900343}, Response: 200
2025-01-15 17:55:56,288 - INFO - Data sent: {'temperature': 22.065765884393166, 'humidity': 62.96325615168835}, Response: 200
2025-01-15 17:56:21,320 - INFO - Data sent: {'temperature': 21.84320981101673, 'humidity': 60.639524087755746}, Response: 200
2025-01-15 17:56:46,351 - INFO - Data sent: {'temperature': 20.452111214820434, 'humidity': 61.083253443290694}, Response: 200
2025-01-15 17:57:11,382 - INFO - Data sent: {'temperature': 27.943828033824822, 'humidity': 64.4976097055368}, Response: 200
2025-01-15 17:57:36,414 - INFO - Data sent: {'temperature': 20.2677068896839, 'humidity': 54.81805027476077}, Response: 200
2025-01-15 17:58:01,435 - INFO - Data sent: {'temperature': 28.47206876301675, 'humidity': 58.134863349779415}, Response: 200
2025-01-15 17:58:26,450 - INFO - Data sent: {'temperature': 27.80977605997527, 'humidity': 61.27939893907722}, Response: 200
2025-01-15 17:58:51,482 - INFO - Data sent: {'temperature': 25.893174834516323, 'humidity': 54.910138974492746}, Response: 200
2025-01-15 17:59:16,508 - INFO - Data sent: {'temperature': 20.420219053143253, 'humidity': 68.13474904897103}, Response: 200
2025-01-15 17:59:41,540 - INFO - Data sent: {'temperature': 25.607524505241166, 'humidity': 59.75283382879899}, Response: 200
2025-01-15 18:00:06,572 - INFO - Data sent: {'temperature': 23.2422738416622, 'humidity': 58.85870755093572}, Response: 200
2025-01-15 18:00:31,604 - INFO - Data sent: {'temperature': 23.164661512236123, 'humidity': 58.25423788710063}, Response: 200
2025-01-15 18:00:56,636 - INFO - Data sent: {'temperature': 20.125675427304593, 'humidity': 57.083114977294784}, Response: 200
2025-01-15 18:01:21,668 - INFO - Data sent: {'temperature': 21.083894105410906, 'humidity': 57.35318523909929}, Response: 200
2025-01-15 18:01:46,699 - INFO - Data sent: {'temperature': 26.624550760623492, 'humidity': 66.31077988376094}, Response: 200
2025-01-15 18:02:11,731 - INFO - Data sent: {'temperature': 25.750918300092636, 'humidity': 50.08130810239339}, Response: 200
2025-01-15 18:02:36,741 - INFO - Data sent: {'temperature': 23.355097584212928, 'humidity': 52.603458927758076}, Response: 200
2025-01-15 18:03:01,765 - INFO - Data sent: {'temperature': 25.541515281981095, 'humidity': 53.32219384048748}, Response: 200
2025-01-15 18:03:26,799 - INFO - Data sent: {'temperature': 25.49548004581206, 'humidity': 64.4373035384686}, Response: 200
2025-01-15 18:04:08,741 - INFO - Starting Prometheus metrics server on port 8012
2025-01-15 18:04:08,743 - INFO - Device service started
2025-01-15 18:04:12,759 - INFO - Data sent: {'temperature': 26.996226690471687, 'humidity': 58.43123757236199}, Response: 200
2025-01-15 18:04:37,788 - INFO - Data sent: {'temperature': 20.388162526732437, 'humidity': 59.924299982320136}, Response: 200
2025-01-15 18:05:02,811 - INFO - Data sent: {'temperature': 25.975312931687654, 'humidity': 60.89075063735507}, Response: 200
2025-01-15 18:05:27,844 - INFO - Data sent: {'temperature': 29.00091500355405, 'humidity': 65.90084292199856}, Response: 200
2025-01-15 18:05:52,877 - INFO - Data sent: {'temperature': 22.547749904291322, 'humidity': 53.30662467757437}, Response: 200
2025-01-15 18:06:17,909 - INFO - Data sent: {'temperature': 23.304520838364216, 'humidity': 54.076559796921764}, Response: 200
2025-01-15 18:06:42,941 - INFO - Data sent: {'temperature': 28.92521970033043, 'humidity': 66.40057279213045}, Response: 200
2025-01-15 18:07:07,973 - INFO - Data sent: {'temperature': 27.61242846408166, 'humidity': 58.68014121507005}, Response: 200
2025-01-15 18:07:33,005 - INFO - Data sent: {'temperature': 22.107145452426856, 'humidity': 51.23137826549303}, Response: 200
2025-01-15 18:08:21,329 - INFO - Starting Prometheus metrics server on port 8012
2025-01-15 18:08:21,331 - INFO - Device service started
2025-01-15 18:08:25,347 - INFO - Data sent: {'temperature': 22.583251590509846, 'humidity': 51.983068477365336}, Response: 200
2025-01-15 18:08:50,383 - INFO - Data sent: {'temperature': 26.96916340322748, 'humidity': 53.573274685425936}, Response: 200
2025-01-15 18:09:15,417 - INFO - Data sent: {'temperature': 25.790784540651295, 'humidity': 51.96307614612226}, Response: 200
2025-01-15 18:09:40,449 - INFO - Data sent: {'temperature': 22.625824558975804, 'humidity': 51.48083324621288}, Response: 200
2025-01-15 18:10:05,484 - INFO - Data sent: {'temperature': 22.284238169066303, 'humidity': 50.73996819511774}, Response: 200
2025-01-15 18:10:30,515 - INFO - Data sent: {'temperature': 26.467472519280655, 'humidity': 54.510212719461876}, Response: 200
2025-01-15 18:10:55,548 - INFO - Data sent: {'temperature': 22.292927742432738, 'humidity': 51.47450797824609}, Response: 200
2025-01-15 18:11:20,576 - INFO - Data sent: {'temperature': 27.778748485160587, 'humidity': 52.45702314057049}, Response: 200
2025-01-15 18:11:45,607 - INFO - Data sent: {'temperature': 22.075767640376704, 'humidity': 52.24746640817573}, Response: 200
2025-01-15 18:12:10,638 - INFO - Data sent: {'temperature': 20.34813372481486, 'humidity': 60.85827627350682}, Response: 200
2025-01-15 18:12:35,670 - INFO - Data sent: {'temperature': 22.69650747712571, 'humidity': 56.09443837140715}, Response: 200
2025-01-15 18:13:00,702 - INFO - Data sent: {'temperature': 22.724027175539945, 'humidity': 58.891148051126294}, Response: 200
2025-01-15 18:13:25,735 - INFO - Data sent: {'temperature': 27.028103359779525, 'humidity': 62.61891428915996}, Response: 200
2025-01-15 18:13:50,766 - INFO - Data sent: {'temperature': 21.28360577691738, 'humidity': 64.70704997652194}, Response: 200
2025-01-15 18:14:15,798 - INFO - Data sent: {'temperature': 26.954590716579006, 'humidity': 57.41742343603884}, Response: 200
2025-01-15 18:14:40,825 - INFO - Data sent: {'temperature': 20.29251711270661, 'humidity': 67.4209691708481}, Response: 200
2025-01-15 18:15:05,857 - INFO - Data sent: {'temperature': 20.85505439133528, 'humidity': 66.72492833990908}, Response: 200
2025-01-15 18:29:26,710 - INFO - Data sent: {'temperature': 24.189723119604558, 'humidity': 55.72339699193558}, Response: 200
2025-01-15 18:29:51,742 - INFO - Data sent: {'temperature': 20.095997083034806, 'humidity': 50.064446759065895}, Response: 200
2025-01-15 18:30:16,774 - INFO - Data sent: {'temperature': 22.10829952720614, 'humidity': 56.63563651340401}, Response: 200
2025-01-15 18:30:41,800 - INFO - Data sent: {'temperature': 24.72307010395478, 'humidity': 67.80825491720543}, Response: 200
2025-01-15 18:31:06,835 - INFO - Data sent: {'temperature': 28.455893241768564, 'humidity': 57.48378495564964}, Response: 200
2025-01-15 18:31:31,867 - INFO - Data sent: {'temperature': 20.955160839179353, 'humidity': 69.27188338257444}, Response: 200
2025-01-15 18:31:56,899 - INFO - Data sent: {'temperature': 20.76832959041657, 'humidity': 67.49877820297021}, Response: 200
2025-01-15 18:32:21,933 - INFO - Data sent: {'temperature': 29.664597719642135, 'humidity': 53.649325048147126}, Response: 200
2025-01-15 18:32:46,965 - INFO - Data sent: {'temperature': 27.19968951104837, 'humidity': 58.48545476135843}, Response: 200
2025-01-15 18:33:11,990 - INFO - Data sent: {'temperature': 22.29095810816648, 'humidity': 60.250676769728116}, Response: 200
2025-01-15 18:33:37,017 - INFO - Data sent: {'temperature': 23.92136966978815, 'humidity': 61.80810751710274}, Response: 200
2025-01-15 18:34:02,050 - INFO - Data sent: {'temperature': 23.684104426738298, 'humidity': 69.96690218250603}, Response: 200
2025-01-15 18:34:27,082 - INFO - Data sent: {'temperature': 21.503460841276432, 'humidity': 60.92360491989555}, Response: 200
2025-01-15 18:34:52,091 - INFO - Data sent: {'temperature': 22.115586291252175, 'humidity': 61.166715892216104}, Response: 200
2025-01-15 18:35:17,122 - INFO - Data sent: {'temperature': 27.999472398920613, 'humidity': 56.64830689182454}, Response: 200
2025-01-15 18:35:42,137 - INFO - Data sent: {'temperature': 23.128838311614768, 'humidity': 68.94229871497674}, Response: 200
2025-01-15 18:36:07,148 - INFO - Data sent: {'temperature': 28.605912276411804, 'humidity': 57.329423715528605}, Response: 200
2025-01-15 18:36:32,174 - INFO - Data sent: {'temperature': 26.096791404855498, 'humidity': 69.16296671918096}, Response: 200
2025-01-15 18:36:57,206 - INFO - Data sent: {'temperature': 23.75388250861698, 'humidity': 59.46693132706568}, Response: 200
2025-01-15 18:37:22,239 - INFO - Data sent: {'temperature': 29.42355509638876, 'humidity': 69.01966306832647}, Response: 200
2025-01-15 18:37:47,261 - INFO - Data sent: {'temperature': 21.248525355694063, 'humidity': 55.04962296601035}, Response: 200
2025-01-15 18:38:12,294 - INFO - Data sent: {'temperature': 21.430774852927943, 'humidity': 63.141037000893874}, Response: 200
2025-01-15 18:38:37,320 - INFO - Data sent: {'temperature': 25.183328636185294, 'humidity': 55.43527597062672}, Response: 200
2025-01-15 18:39:02,351 - INFO - Data sent: {'temperature': 24.427830510787665, 'humidity': 68.896904237791}, Response: 200
2025-01-15 18:39:27,369 - INFO - Data sent: {'temperature': 27.37869453855597, 'humidity': 56.0994409128765}, Response: 200
2025-01-15 18:39:52,402 - INFO - Data sent: {'temperature': 23.59710058311149, 'humidity': 68.02102962958283}, Response: 200
2025-01-15 18:40:17,434 - INFO - Data sent: {'temperature': 23.592766312401597, 'humidity': 52.93563068556516}, Response: 200
2025-01-15 18:40:42,466 - INFO - Data sent: {'temperature': 21.89924780255552, 'humidity': 69.25242230088836}, Response: 200
2025-01-15 18:41:07,491 - INFO - Data sent: {'temperature': 28.749977048806258, 'humidity': 60.38439336479897}, Response: 200
2025-01-15 18:41:32,522 - INFO - Data sent: {'temperature': 29.066079104065118, 'humidity': 61.23685825433196}, Response: 200
2025-01-15 18:41:57,554 - INFO - Data sent: {'temperature': 27.712016368102237, 'humidity': 63.133569644746125}, Response: 200
2025-01-15 18:42:22,576 - INFO - Data sent: {'temperature': 23.267864229884548, 'humidity': 63.39748183844019}, Response: 200
2025-01-15 18:42:47,608 - INFO - Data sent: {'temperature': 28.92362408650073, 'humidity': 60.58860268663103}, Response: 200
2025-01-15 18:43:12,640 - INFO - Data sent: {'temperature': 22.77165166365103, 'humidity': 65.3440974590227}, Response: 200
2025-01-15 18:43:37,671 - INFO - Data sent: {'temperature': 20.875981836343737, 'humidity': 68.23896133651019}, Response: 200
2025-01-15 18:44:02,695 - INFO - Data sent: {'temperature': 27.554207943273745, 'humidity': 66.66812024061358}, Response: 200
2025-01-15 18:44:27,727 - INFO - Data sent: {'temperature': 26.704273290142197, 'humidity': 52.19381385237964}, Response: 200
2025-01-15 18:44:52,762 - INFO - Data sent: {'temperature': 22.930563326106178, 'humidity': 55.058332172961805}, Response: 200
2025-01-15 18:45:17,772 - INFO - Data sent: {'temperature': 21.015352138867566, 'humidity': 59.79018795646104}, Response: 200
2025-01-15 18:45:42,804 - INFO - Data sent: {'temperature': 20.79688036425315, 'humidity': 66.66496953539091}, Response: 200
2025-01-15 18:46:07,836 - INFO - Data sent: {'temperature': 24.70292992812216, 'humidity': 55.059953060047036}, Response: 200
2025-01-15 18:46:32,868 - INFO - Data sent: {'temperature': 29.00731825284705, 'humidity': 54.124886228936866}, Response: 200
2025-01-15 18:46:57,892 - INFO - Data sent: {'temperature': 26.99295774713046, 'humidity': 57.43716339848059}, Response: 200
2025-01-15 18:47:22,923 - INFO - Data sent: {'temperature': 26.559115485135614, 'humidity': 59.41214212331668}, Response: 200
2025-01-15 18:47:47,952 - INFO - Data sent: {'temperature': 20.404790124104114, 'humidity': 52.355861787343116}, Response: 200
2025-01-15 18:48:12,984 - INFO - Data sent: {'temperature': 21.791979051439256, 'humidity': 62.41494008638308}, Response: 200
2025-01-15 18:48:38,004 - INFO - Data sent: {'temperature': 23.51551550015879, 'humidity': 68.75347652739798}, Response: 200
2025-01-15 18:49:03,013 - INFO - Data sent: {'temperature': 27.762892257073027, 'humidity': 50.60479338645839}, Response: 200
2025-01-15 18:49:28,044 - INFO - Data sent: {'temperature': 24.293668014535626, 'humidity': 54.99650246309819}, Response: 200
2025-01-15 18:49:53,055 - INFO - Data sent: {'temperature': 25.920961670711737, 'humidity': 68.55588221639798}, Response: 200
2025-01-15 18:50:18,083 - INFO - Data sent: {'temperature': 28.000562618283485, 'humidity': 69.54134238891305}, Response: 200
2025-01-15 18:50:43,116 - INFO - Data sent: {'temperature': 22.767318075770447, 'humidity': 66.04512947498719}, Response: 200
2025-01-15 18:51:08,148 - INFO - Data sent: {'temperature': 23.465870659811326, 'humidity': 64.89854751072633}, Response: 200
2025-01-15 18:51:33,155 - INFO - Data sent: {'temperature': 28.968681797459865, 'humidity': 66.38610945100464}, Response: 200
2025-01-15 18:51:58,187 - INFO - Data sent: {'temperature': 27.790145050438753, 'humidity': 66.48407358612577}, Response: 200
2025-01-15 18:52:23,219 - INFO - Data sent: {'temperature': 27.95306060436843, 'humidity': 62.85721801600764}, Response: 200
2025-01-15 18:52:48,251 - INFO - Data sent: {'temperature': 23.535696016227188, 'humidity': 52.37755527747826}, Response: 200
2025-01-15 18:53:13,263 - INFO - Data sent: {'temperature': 20.143862518767605, 'humidity': 68.61982992751888}, Response: 200
2025-01-15 18:53:38,294 - INFO - Data sent: {'temperature': 23.547800945003264, 'humidity': 67.5559305152037}, Response: 200
2025-01-15 18:54:03,326 - INFO - Data sent: {'temperature': 23.800859157902178, 'humidity': 50.93848376145468}, Response: 200
2025-01-15 18:54:28,348 - INFO - Data sent: {'temperature': 22.358915030987195, 'humidity': 57.594342009477074}, Response: 200
2025-01-15 18:54:53,381 - INFO - Data sent: {'temperature': 23.892609260827925, 'humidity': 64.6439462271301}, Response: 200
2025-01-15 18:55:18,390 - INFO - Data sent: {'temperature': 29.29450609174475, 'humidity': 68.85856935647308}, Response: 200
2025-01-15 18:55:43,421 - INFO - Data sent: {'temperature': 29.778014232546358, 'humidity': 53.41023005632273}, Response: 200
2025-01-15 18:56:08,453 - INFO - Data sent: {'temperature': 20.77852815594642, 'humidity': 64.04248274008378}, Response: 200
2025-01-15 18:56:33,485 - INFO - Data sent: {'temperature': 29.00403469170058, 'humidity': 65.37006814134054}, Response: 200
2025-01-15 18:56:58,517 - INFO - Data sent: {'temperature': 23.85356157315575, 'humidity': 64.19548964578934}, Response: 200
2025-01-15 18:57:23,548 - INFO - Data sent: {'temperature': 20.390783118714165, 'humidity': 53.89296537525932}, Response: 200
2025-01-15 18:57:48,561 - INFO - Data sent: {'temperature': 29.384394586934597, 'humidity': 67.62756063698501}, Response: 200
2025-01-15 18:58:13,580 - INFO - Data sent: {'temperature': 24.93910787147234, 'humidity': 59.38143874858598}, Response: 200
2025-01-15 18:58:38,612 - INFO - Data sent: {'temperature': 27.372514027322627, 'humidity': 52.59940533075988}, Response: 200
2025-01-15 18:59:03,639 - INFO - Data sent: {'temperature': 28.262925221386098, 'humidity': 50.57666685246355}, Response: 200
2025-01-15 18:59:28,670 - INFO - Data sent: {'temperature': 28.64425599181107, 'humidity': 67.69778395521394}, Response: 200
2025-01-15 18:59:53,702 - INFO - Data sent: {'temperature': 21.983069127131788, 'humidity': 59.31834762762705}, Response: 200
2025-01-15 19:00:18,720 - INFO - Data sent: {'temperature': 24.94176009279491, 'humidity': 68.54006945599599}, Response: 200
2025-01-15 19:00:43,753 - INFO - Data sent: {'temperature': 21.9631652573519, 'humidity': 56.54113205240858}, Response: 200
2025-01-15 19:01:08,778 - INFO - Data sent: {'temperature': 25.39957307829266, 'humidity': 57.65454969375193}, Response: 200
2025-01-15 19:01:33,787 - INFO - Data sent: {'temperature': 20.288818509165395, 'humidity': 55.86888612230647}, Response: 200
2025-01-15 19:01:58,818 - INFO - Data sent: {'temperature': 27.042953857073112, 'humidity': 64.99198988314905}, Response: 200
2025-01-15 19:02:23,850 - INFO - Data sent: {'temperature': 23.764847897235626, 'humidity': 59.11229728312682}, Response: 200
2025-01-15 19:02:48,883 - INFO - Data sent: {'temperature': 24.486904945995015, 'humidity': 65.45645553897674}, Response: 200
2025-01-15 19:03:13,913 - INFO - Data sent: {'temperature': 25.812346598311628, 'humidity': 68.74651054039657}, Response: 200
2025-01-15 19:03:38,940 - INFO - Data sent: {'temperature': 28.8194507016525, 'humidity': 68.31614712876022}, Response: 200
2025-01-15 19:04:03,973 - INFO - Data sent: {'temperature': 23.1437198426379, 'humidity': 61.21022396705972}, Response: 200
2025-01-15 19:04:29,005 - INFO - Data sent: {'temperature': 25.32837884381994, 'humidity': 66.78371055788271}, Response: 200
2025-01-15 19:04:54,036 - INFO - Data sent: {'temperature': 22.461302910252158, 'humidity': 60.029295451167336}, Response: 200
2025-01-15 19:05:19,049 - INFO - Data sent: {'temperature': 29.722116907174154, 'humidity': 52.43148369089106}, Response: 200
2025-01-15 19:05:44,059 - INFO - Data sent: {'temperature': 28.04849448716795, 'humidity': 56.133337886144965}, Response: 200
2025-01-15 19:06:09,092 - INFO - Data sent: {'temperature': 22.14253035527327, 'humidity': 62.60441968633151}, Response: 200
2025-01-15 19:06:34,124 - INFO - Data sent: {'temperature': 22.258940322286882, 'humidity': 57.73851691178854}, Response: 200
2025-01-15 19:06:59,156 - INFO - Data sent: {'temperature': 25.919298460891234, 'humidity': 67.33458312444502}, Response: 200
2025-01-15 19:07:24,164 - INFO - Data sent: {'temperature': 25.902033395474625, 'humidity': 54.45913791519919}, Response: 200
2025-01-15 19:07:49,196 - INFO - Data sent: {'temperature': 20.638414602817978, 'humidity': 50.19677177415185}, Response: 200
2025-01-15 19:08:14,228 - INFO - Data sent: {'temperature': 24.943415839626624, 'humidity': 57.673002181575136}, Response: 200
2025-01-15 19:08:39,256 - INFO - Data sent: {'temperature': 28.045152708117108, 'humidity': 65.81248421606945}, Response: 200
2025-01-15 19:09:04,271 - INFO - Data sent: {'temperature': 20.512410028524126, 'humidity': 66.40008511276216}, Response: 200
2025-01-15 19:09:29,302 - INFO - Data sent: {'temperature': 22.014854980006735, 'humidity': 66.56905938428626}, Response: 200
2025-01-16 11:15:05,320 - INFO - Starting Prometheus metrics server on port 8012
2025-01-16 11:15:05,391 - INFO - Device service started
2025-01-16 11:15:05,396 - ERROR - Error sending data: HTTPConnectionPool(host='gateway', port=8000): Max retries exceeded with url: /data (Caused by NewConnectionError('<urllib3.connection.HTTPConnection object at 0x7f99ec3717c0>: Failed to establish a new connection: [Errno 111] Connection refused'))
2025-01-16 11:15:30,445 - INFO - Data sent: {'temperature': 27.128252850538345, 'humidity': 63.24052684811858}, Response: 200
2025-01-16 11:15:55,474 - INFO - Data sent: {'temperature': 24.994014557749654, 'humidity': 58.04935110370603}, Response: 200
2025-01-16 11:16:20,500 - INFO - Data sent: {'temperature': 22.011679841656125, 'humidity': 50.77943151498265}, Response: 200
2025-01-16 11:16:45,531 - INFO - Data sent: {'temperature': 23.95317686542306, 'humidity': 62.08250531236207}, Response: 200
2025-01-16 11:17:10,565 - INFO - Data sent: {'temperature': 28.763495705160185, 'humidity': 62.20161798354905}, Response: 200
2025-01-16 11:17:35,597 - INFO - Data sent: {'temperature': 23.126900674140227, 'humidity': 62.165971606134164}, Response: 200
2025-01-16 11:18:00,629 - INFO - Data sent: {'temperature': 27.702881382973725, 'humidity': 67.17142594609075}, Response: 200
2025-01-16 11:18:25,661 - INFO - Data sent: {'temperature': 22.543627799394073, 'humidity': 57.943548255402995}, Response: 200
2025-01-16 11:18:50,693 - INFO - Data sent: {'temperature': 25.719710945970068, 'humidity': 52.73259402877356}, Response: 200
2025-01-16 11:19:15,725 - INFO - Data sent: {'temperature': 23.660041562242245, 'humidity': 63.516808313118865}, Response: 200
2025-01-16 11:19:40,758 - INFO - Data sent: {'temperature': 29.259735196850798, 'humidity': 51.696379242340576}, Response: 200
2025-01-16 11:20:05,790 - INFO - Data sent: {'temperature': 24.961071238397402, 'humidity': 53.27176892193812}, Response: 200
2025-01-16 11:20:30,821 - INFO - Data sent: {'temperature': 22.479717286421, 'humidity': 55.677437640964854}, Response: 200
2025-01-16 11:20:55,852 - INFO - Data sent: {'temperature': 27.847783317704142, 'humidity': 58.5549283770598}, Response: 200
2025-01-16 11:21:20,884 - INFO - Data sent: {'temperature': 23.549145493492773, 'humidity': 54.18812086149572}, Response: 200
2025-01-16 11:21:45,915 - INFO - Data sent: {'temperature': 26.610138432361428, 'humidity': 54.06763872933281}, Response: 200
2025-01-16 11:22:10,949 - INFO - Data sent: {'temperature': 24.764751264259015, 'humidity': 59.93182871648684}, Response: 200
2025-01-16 11:22:43,973 - ERROR - Error sending data: HTTPConnectionPool(host='gateway', port=8000): Max retries exceeded with url: /data (Caused by NameResolutionError("<urllib3.connection.HTTPConnection object at 0x7f99ec4af100>: Failed to resolve 'gateway' ([Errno -3] Temporary failure in name resolution)"))
