MAPFS time=2025-02-25 17:22:59,242 level=INFO msg=Iniciando el servidor de métricas de Prometheus en el puerto 8012.
MAPFS time=2025-02-25 17:22:59,263 level=INFO msg=[REG] Conectado al CA en mapfs-cloud:5001
MAPFS time=2025-02-25 17:22:59,264 level=INFO msg=[REG] Enviada solicitud de registro al CA.
MAPFS time=2025-02-25 17:22:59,266 level=INFO msg=[REG] Recibidos parámetros públicos del CA: {'Pub_gc_key': {'x': 29749065980647901963080927472912018762841663719800513099013615618617893134088, 'y': 72149778066960621125641215419517229660626323907485451451691764639553499843032}, 'P_IoT_key': {'x': 93892048612196378294355560010620541856213397389715619208707311529327661065479, 'y': 85122373426627111822896688378750906429842759379164743434788471037215399868661}, 'operation': 'register'}.
MAPFS time=2025-02-25 17:22:59,281 level=INFO msg=[REG] Enviada información de registro al CA {'operation': 'register_device', 'IoT_Identity': 17174150709295841299, 'X_a_pub_key': {'x': 68073813375400081727788642121542830579454576912159680777283001273731564213367, 'y': 114351796797809751858730889692698386270554623576649724164395159933557972518511}, 'h_x': {'x': 38137316540626936790280997653250341876612684946097133911226775041490236050903, 'y': 28367170434614310394185382447895477367638376572168537511218346928883077744565}}.
MAPFS time=2025-02-25 17:22:59,284 level=INFO msg=[REG] Parámetros recibidos del CA: {'operation': 'register', 'sigma_a': 84220550048532282182115944332355694230703534226523348711785706493294117769628, 'Y_a_pub_key': {'x': 11328244168005470913270577257393634929306311699084341755364420718321317161759, 'y': 100169632027254354494161697703473330136155473238404535733616324770856561284811}, 'h_a': 77522150732086538717446856996409050576586901683362796850468191137446717137409}.
MAPFS time=2025-02-25 17:22:59,286 level=INFO msg=[REG] Registro completado exitosamente.
MAPFS time=2025-02-25 17:22:59,288 level=INFO msg=Conectado al Gateway en mapfs-gateway:5000
MAPFS time=2025-02-25 17:22:59,295 level=INFO msg=[AUTH] Mensaje 'hello' enviado al Gateway {'operation': 'mutual_authentication', 'step': 'hello', 'one_time_public_key': {'x': 49849307614407618305949648198536834800641454463363531706542915103445629248035, 'y': 65699501174401606635257165311726452825834153908219342526920979983049925206687}}.
MAPFS time=2025-02-25 17:22:59,296 level=INFO msg=[AUTH] Token de autenticación del Gateway recibido: {'operation': b"\x9a\xebnjV\xae\xb6\x17\xa7\xb6'\x1a\xb6*'", 'W': {'x': 57719278231022974654814233305489184481051365819352553419357606705011034382676, 'y': 68888905316704778123018049169814062604934351223758270785809411461688684366130}, 'ID_w': 9311542274443040492, 'X_w_pub_key': {'x': 109242865148145353634880176220785974114163426475638566801515968974416617519298, 'y': 76352391325355681016659120990454394023716282200469213665917576262452031831013}, 'Y_w_pub_key': {'x': 110847184117837978307723278464863070797770437828239161073223309726964974708687, 'y': 18403057049140331362348302110182524147416341954037749580656989777047556034801}, 'sigma_z': 24447250601797432983387253026991048125545429566293923482056735551982310408055}
MAPFS time=2025-02-25 17:22:59,317 level=INFO msg=[AUTH] Autenticación de la firma del Gateway exitosa.
MAPFS time=2025-02-25 17:22:59,332 level=INFO msg=[AUTH] La llave de sesión en el dispositivo IoT es: 8034678196847081
MAPFS time=2025-02-25 17:22:59,343 level=INFO msg=[AUTH] Cómputo de la firma del dispositivo IoT completada.
MAPFS time=2025-02-25 17:22:59,345 level=INFO msg=[AUTH] Puntos, compromisos y respuestas ZKP enviadas al gateway: {'operation': 'mutual_authentication', 'P_1': {'x': 31932968477089217348840755021381013603609354360861015722904217254873299348043, 'y': 106583875367675618914385109758256217778106101030194796421533314204657816063382}, 'P_2': {'x': 75558799290306088322788874558314524449128196835543311008349171805926213647100, 'y': 46327030556991216952390742583334809343469892766993257080542614624672645074426}, 'P_3': {'x': 101785875602645588501020206276665237566521935428078552790533363333714184066901, 'y': 91581449007529469824199315983732614946043313727635256584889306245766942411278}, 'sigma_t': 9761069616819665281352029208520376108924463718601688308453503137306066545142, 'T_1': {'x': 55267195651036583086386881719890371495412913162281422129183950211406608282111, 'y': 93909590736402239239902695126013497506231332151264450596151176673867580806267}, 'T_2': {'x': 90038130650130499724813755270896432098463406907509252723614918274777550048932, 'y': 14298002914066890692671052421180070978803412809314867852175749694889236086925}, 's_1': 11796487762515222070466816084738089466924206554595752114351798923960560438296, 's_2': 66625164582493791379353060126815872679761465087072068217230753453925235282700}
MAPFS time=2025-02-25 17:22:59,401 level=INFO msg=[AUTH] Autenticación mutua culminada.
MAPFS time=2025-02-25 17:22:59,404 level=INFO msg=[METRICS] Métricas cifradas enviadas al Gateway: {'temperature': 29.02, 'humidity': 69.45}
MAPFS time=2025-02-25 17:22:59,408 level=INFO msg=[METRICS] Respuesta recibida del Gateway: response_message = {'status': 'success', 'message': 'Métricas recibidas correctamente.'}
MAPFS time=2025-02-25 17:23:52,852 level=INFO msg=Iniciando el servidor de métricas de Prometheus en el puerto 8012.
MAPFS time=2025-02-25 17:23:52,858 level=INFO msg=[REG] Conectado al CA en mapfs-cloud:5001
MAPFS time=2025-02-25 17:23:52,858 level=INFO msg=[REG] Enviada solicitud de registro al CA.
MAPFS time=2025-02-25 17:23:52,859 level=INFO msg=[REG] Recibidos parámetros públicos del CA: {'Pub_gc_key': {'x': 29749065980647901963080927472912018762841663719800513099013615618617893134088, 'y': 72149778066960621125641215419517229660626323907485451451691764639553499843032}, 'P_IoT_key': {'x': 93892048612196378294355560010620541856213397389715619208707311529327661065479, 'y': 85122373426627111822896688378750906429842759379164743434788471037215399868661}, 'operation': 'register'}.
MAPFS time=2025-02-25 17:23:52,866 level=INFO msg=[REG] Enviada información de registro al CA {'operation': 'register_device', 'IoT_Identity': 8309734690727833850, 'X_a_pub_key': {'x': 80883518658444917863247072358819112687528651734757677538030700725263587902664, 'y': 26558821466883990724962176838646292618988031555916722146546226342729737413207}, 'h_x': {'x': 92198777830966859026317853299155966957243325476178032801813161450974285165604, 'y': 67859747620508595332502175655182836025351556758875221950835541050876972779678}}.
MAPFS time=2025-02-25 17:23:52,867 level=INFO msg=[REG] Parámetros recibidos del CA: {'operation': 'register', 'sigma_a': 106405156190716152839661970741306301660003496556423538075860590641950488363809, 'Y_a_pub_key': {'x': 22753607040495977839794386839834139048871743044147152762174232537587267389883, 'y': 59950112124764883527474277311061810100865983087774327491675766339178813771943}, 'h_a': 5411813137845771456781188438806867146094623355136582636365821892884277090049}.
MAPFS time=2025-02-25 17:23:52,868 level=INFO msg=[REG] Registro completado exitosamente.
MAPFS time=2025-02-25 17:23:52,869 level=INFO msg=Conectado al Gateway en mapfs-gateway:5000
MAPFS time=2025-02-25 17:23:52,873 level=INFO msg=[AUTH] Mensaje 'hello' enviado al Gateway {'operation': 'mutual_authentication', 'step': 'hello', 'one_time_public_key': {'x': 93524409600885652132055288940069123504994096162364625254021172852958476090652, 'y': 39375960751214185869721428360932880679802731889122161582281238734365838063229}}.
MAPFS time=2025-02-25 17:23:52,873 level=INFO msg=[AUTH] Token de autenticación del Gateway recibido: {'operation': b"\x9a\xebnjV\xae\xb6\x17\xa7\xb6'\x1a\xb6*'", 'W': {'x': 69120478677927776741989746449499056774879054267648706495526259273780759449269, 'y': 3381294927336901447568870542109808245384706873757558042343056203351469917449}, 'ID_w': 9311542274443040492, 'X_w_pub_key': {'x': 109242865148145353634880176220785974114163426475638566801515968974416617519298, 'y': 76352391325355681016659120990454394023716282200469213665917576262452031831013}, 'Y_w_pub_key': {'x': 110847184117837978307723278464863070797770437828239161073223309726964974708687, 'y': 18403057049140331362348302110182524147416341954037749580656989777047556034801}, 'sigma_z': 66600517372871657310851830697854630324326943488770703344615037794850752522578}
MAPFS time=2025-02-25 17:23:52,888 level=INFO msg=[AUTH] Autenticación de la firma del Gateway exitosa.
MAPFS time=2025-02-25 17:23:52,900 level=INFO msg=[AUTH] La llave de sesión en el dispositivo IoT es: 8001622462641963
MAPFS time=2025-02-25 17:23:52,909 level=INFO msg=[AUTH] Cómputo de la firma del dispositivo IoT completada.
MAPFS time=2025-02-25 17:23:52,911 level=INFO msg=[AUTH] Puntos, compromisos y respuestas ZKP enviadas al gateway: {'operation': 'mutual_authentication', 'P_1': {'x': 36082875807548287489377136636035315706742083483122937639086419316892842843543, 'y': 6474356298105044825577538130970475011281955089580442270470253331414815240349}, 'P_2': {'x': 89532497040171029050554683525788395104652248542935173058154111445729407513623, 'y': 15946703289532108063502261830056446195307255834798273000829362990852061634684}, 'P_3': {'x': 18668292982367205222629954280081806092366312961510017236879429991233815240752, 'y': 112469905512542912610135573047917351771894665659044117896850283805886497455290}, 'sigma_t': 45004750248971093259057777303814804504077305695392575078387235497722157132574, 'T_1': {'x': 68745720731765491801132546854134627073367111623427746225686512909433848533293, 'y': 79621091739048500520171071478320871995939389039283163929559794771156626578605}, 'T_2': {'x': 96664359886107939806282273002800116598339834073545574328876633254812984557267, 'y': 36059038326531164036987012690891928196136528229701464286725145364981914297616}, 's_1': 98203320520750763818138512014780110089292937340785867477010421925007354581109, 's_2': 78992073275317433811417627190802571756506241759423961314965250535833179560737}
MAPFS time=2025-02-25 17:23:52,944 level=INFO msg=[AUTH] Autenticación mutua culminada.
MAPFS time=2025-02-25 17:23:52,945 level=INFO msg=[METRICS] Métricas cifradas enviadas al Gateway: {'temperature': 22.79, 'humidity': 60.94}
MAPFS time=2025-02-25 17:23:52,948 level=INFO msg=[METRICS] Respuesta recibida del Gateway: response_message = {'status': 'success', 'message': 'Métricas recibidas correctamente.'}
MAPFS time=2025-02-25 17:28:28,774 level=INFO msg=Iniciando el servidor de métricas de Prometheus en el puerto 8012.
MAPFS time=2025-02-25 17:28:28,852 level=INFO msg=[REG] Conectado al CA en mapfs-cloud:5001
MAPFS time=2025-02-25 17:28:28,858 level=INFO msg=[REG] Enviada solicitud de registro al CA.
MAPFS time=2025-02-25 17:28:28,862 level=INFO msg=[REG] Recibidos parámetros públicos del CA: {'Pub_gc_key': {'x': 83004946685954784110791711910422755999532714186327127347447389350194175180812, 'y': 84789597718146836793160401182753103097280044214279126904021256920464248239890}, 'P_IoT_key': {'x': 10951466621451422675794158252124446688326017794198333385225242018669437788051, 'y': 108374399108143096633422834861633261241207207125416497482044815322850166118400}, 'operation': 'register'}.
MAPFS time=2025-02-25 17:28:28,884 level=INFO msg=[REG] Enviada información de registro al CA {'operation': 'register_device', 'IoT_Identity': 2506060969638660093, 'X_a_pub_key': {'x': 53314776509696122154583956348695095581616946433692988758248838852008860921515, 'y': 64766979544229153312910640822659355652719602708389452114939322326364157239251}, 'h_x': {'x': 103084277186065773338950436192739807960736009635184283060415974695975069406706, 'y': 50235202040474941312725727661475781837222757419133128087960955828850705820311}}.
MAPFS time=2025-02-25 17:28:28,888 level=INFO msg=[REG] Parámetros recibidos del CA: {'operation': 'register', 'sigma_a': 104336149290090704374198059031034113003997729897442933099228853546134117209705, 'Y_a_pub_key': {'x': 51900106000242755551696959096811313162527982248524119607482866498396047987833, 'y': 33181637683932141505645916980333242050256103980998995944228669283260033200}, 'h_a': 92695662144995943069713193633249964366218543572443126768475674527553642198592}.
MAPFS time=2025-02-25 17:28:28,889 level=INFO msg=[REG] Registro completado exitosamente.
MAPFS time=2025-02-25 17:28:28,892 level=INFO msg=Conectado al Gateway en mapfs-gateway:5000
MAPFS time=2025-02-25 17:28:28,917 level=INFO msg=[AUTH] Mensaje 'hello' enviado al Gateway {'operation': 'mutual_authentication', 'step': 'hello', 'one_time_public_key': {'x': 45501070133325395923936195776982063235081581338210954269744026577535673961426, 'y': 15212049046060934177213625559949576832191909692204085743249669040956205349845}}.
MAPFS time=2025-02-25 17:28:28,918 level=INFO msg=[AUTH] Token de autenticación del Gateway recibido: {'operation': b"\x9a\xebnjV\xae\xb6\x17\xa7\xb6'\x1a\xb6*'", 'W': {'x': 86074620251471573388774551927200333518929689089469539373948880120621563308270, 'y': 17288892292399547583782121136845236769130520569601840102492595511869498084288}, 'ID_w': 5992136475577409229, 'X_w_pub_key': {'x': 26061798060106012152826672547491212512087208031228053240354060961725627589218, 'y': 111775725110499199524583678748939102708389429816223825617090833873158120820976}, 'Y_w_pub_key': {'x': 29950428865886468456376055389941792053427445001091378043725906757719539020383, 'y': 11316941570221098239501713999876349584978546900737419643159859870758400602211}, 'sigma_z': 106145824033071818156892372457128183691798818074805356051001168564155899879476}
MAPFS time=2025-02-25 17:28:28,945 level=INFO msg=[AUTH] Autenticación de la firma del Gateway exitosa.
MAPFS time=2025-02-25 17:28:28,956 level=INFO msg=[AUTH] La llave de sesión en el dispositivo IoT es: 8226746180118324
MAPFS time=2025-02-25 17:28:28,968 level=INFO msg=[AUTH] Cómputo de la firma del dispositivo IoT completada.
MAPFS time=2025-02-25 17:28:28,972 level=INFO msg=[AUTH] Puntos, compromisos y respuestas ZKP enviadas al gateway: {'operation': 'mutual_authentication', 'P_1': {'x': 75151949061431079326240164725046878001823587377171751170589113737255707946082, 'y': 5627746818641493530397697348295476190186741887927828941744971205820419632731}, 'P_2': {'x': 3462979128413169185148030148856946122043767920868033417725263096642341824374, 'y': 92510008864389647919990725569522848837132071146995057203100394296619858567659}, 'P_3': {'x': 7355429058335368474297639105951635469718490941117027823181070534236898626672, 'y': 387173345533642630238175402333229547140288671153661018503363745385763063160}, 'sigma_t': 26238053808951341428110111254168095516310741873664861676191873147010598148226, 'T_1': {'x': 2975501123957496223401692958452603994152796934057280964880331161762439821895, 'y': 1976358620946077843959303103834722779547113696534348002930643303953503795054}, 'T_2': {'x': 58265448729325389809041050579019043595494833988851357063629282728975970649097, 'y': 27794605101163648155121447225264013239971970427042372231685865276709957145231}, 's_1': 13869120608210093810329004453862728956688043320874493183650773833214199582615, 's_2': 101359324401596271103626044833284350725355086491007212782079492420532148284094}
MAPFS time=2025-02-25 17:28:29,016 level=INFO msg=[AUTH] Autenticación mutua culminada.
MAPFS time=2025-02-25 17:28:29,050 level=INFO msg=[METRICS] Métricas cifradas enviadas al Gateway: {'temperature': 20.26, 'humidity': 68.17}
MAPFS time=2025-02-25 17:28:29,068 level=INFO msg=[METRICS] Respuesta recibida del Gateway: response_message = {'status': 'success', 'message': 'Métricas recibidas correctamente.'}
MAPFS time=2025-02-25 17:29:29,117 level=INFO msg=[METRICS] Métricas cifradas enviadas al Gateway: {'temperature': 26.47, 'humidity': 58.84}
MAPFS time=2025-02-25 17:29:29,121 level=INFO msg=[METRICS] Respuesta recibida del Gateway: response_message = {'status': 'success', 'message': 'Métricas recibidas correctamente.'}
MAPFS time=2025-02-25 17:30:29,181 level=INFO msg=[METRICS] Métricas cifradas enviadas al Gateway: {'temperature': 27.61, 'humidity': 58.47}
MAPFS time=2025-02-25 17:30:29,186 level=INFO msg=[METRICS] Respuesta recibida del Gateway: response_message = {'status': 'success', 'message': 'Métricas recibidas correctamente.'}
MAPFS time=2025-02-25 17:31:29,246 level=INFO msg=[METRICS] Métricas cifradas enviadas al Gateway: {'temperature': 29.46, 'humidity': 53.76}
MAPFS time=2025-02-25 17:31:29,252 level=INFO msg=[METRICS] Respuesta recibida del Gateway: response_message = {'status': 'success', 'message': 'Métricas recibidas correctamente.'}
MAPFS time=2025-02-25 17:32:29,277 level=INFO msg=[METRICS] Métricas cifradas enviadas al Gateway: {'temperature': 26.6, 'humidity': 66.96}
MAPFS time=2025-02-25 17:32:29,282 level=INFO msg=[METRICS] Respuesta recibida del Gateway: response_message = {'status': 'success', 'message': 'Métricas recibidas correctamente.'}
MAPFS time=2025-02-25 17:33:29,286 level=INFO msg=[METRICS] Métricas cifradas enviadas al Gateway: {'temperature': 21.48, 'humidity': 59.38}
MAPFS time=2025-02-25 17:33:29,291 level=INFO msg=[METRICS] Respuesta recibida del Gateway: response_message = {'status': 'success', 'message': 'Métricas recibidas correctamente.'}
MAPFS time=2025-02-25 17:34:29,346 level=INFO msg=[METRICS] Métricas cifradas enviadas al Gateway: {'temperature': 22.28, 'humidity': 53.29}
MAPFS time=2025-02-25 17:34:29,352 level=INFO msg=[METRICS] Respuesta recibida del Gateway: response_message = {'status': 'success', 'message': 'Métricas recibidas correctamente.'}
MAPFS time=2025-02-25 17:35:29,388 level=INFO msg=[METRICS] Métricas cifradas enviadas al Gateway: {'temperature': 23.07, 'humidity': 51.79}
MAPFS time=2025-02-25 17:35:29,391 level=INFO msg=[METRICS] Respuesta recibida del Gateway: response_message = {'status': 'failed', 'message': 'Dispositivo no autenticado. No se aceptan métricas.'}
MAPFS time=2025-02-25 17:35:29,404 level=ERROR msg=[METRICS] Error de comunicación con el Gateway: Dispositivo no autenticado. Deteniendo envío de métricas.
MAPFS time=2025-02-25 17:36:29,426 level=INFO msg=[METRICS] Métricas cifradas enviadas al Gateway: {'temperature': 25.55, 'humidity': 63.57}
MAPFS time=2025-02-25 17:36:29,429 level=INFO msg=[METRICS] Respuesta recibida del Gateway: response_message = {'status': 'failed', 'message': 'Dispositivo no autenticado. No se aceptan métricas.'}
MAPFS time=2025-02-25 17:36:29,430 level=ERROR msg=[METRICS] Error de comunicación con el Gateway: Dispositivo no autenticado. Deteniendo envío de métricas.
MAPFS time=2025-02-25 17:37:29,479 level=INFO msg=[METRICS] Métricas cifradas enviadas al Gateway: {'temperature': 20.27, 'humidity': 50.86}
MAPFS time=2025-02-25 17:37:29,483 level=INFO msg=[METRICS] Respuesta recibida del Gateway: response_message = {'status': 'failed', 'message': 'Dispositivo no autenticado. No se aceptan métricas.'}
MAPFS time=2025-02-25 17:37:29,484 level=ERROR msg=[METRICS] Error de comunicación con el Gateway: Dispositivo no autenticado. Deteniendo envío de métricas.
MAPFS time=2025-02-25 17:38:29,544 level=INFO msg=[METRICS] Métricas cifradas enviadas al Gateway: {'temperature': 20.79, 'humidity': 52.92}
MAPFS time=2025-02-25 17:38:29,547 level=INFO msg=[METRICS] Respuesta recibida del Gateway: response_message = {'status': 'failed', 'message': 'Dispositivo no autenticado. No se aceptan métricas.'}
MAPFS time=2025-02-25 17:38:29,548 level=ERROR msg=[METRICS] Error de comunicación con el Gateway: Dispositivo no autenticado. Deteniendo envío de métricas.
MAPFS time=2025-02-25 17:39:29,551 level=INFO msg=[METRICS] Métricas cifradas enviadas al Gateway: {'temperature': 24.61, 'humidity': 63.8}
MAPFS time=2025-02-25 17:39:29,555 level=INFO msg=[METRICS] Respuesta recibida del Gateway: response_message = {'status': 'failed', 'message': 'Dispositivo no autenticado. No se aceptan métricas.'}
MAPFS time=2025-02-25 17:39:29,556 level=ERROR msg=[METRICS] Error de comunicación con el Gateway: Dispositivo no autenticado. Deteniendo envío de métricas.
MAPFS time=2025-02-25 17:40:29,600 level=INFO msg=[METRICS] Métricas cifradas enviadas al Gateway: {'temperature': 29.52, 'humidity': 52.28}
MAPFS time=2025-02-25 17:40:29,603 level=INFO msg=[METRICS] Respuesta recibida del Gateway: response_message = {'status': 'failed', 'message': 'Dispositivo no autenticado. No se aceptan métricas.'}
MAPFS time=2025-02-25 17:40:29,604 level=ERROR msg=[METRICS] Error de comunicación con el Gateway: Dispositivo no autenticado. Deteniendo envío de métricas.
MAPFS time=2025-02-25 17:41:29,612 level=INFO msg=[METRICS] Métricas cifradas enviadas al Gateway: {'temperature': 21.13, 'humidity': 57.95}
MAPFS time=2025-02-25 17:41:29,615 level=INFO msg=[METRICS] Respuesta recibida del Gateway: response_message = {'status': 'failed', 'message': 'Dispositivo no autenticado. No se aceptan métricas.'}
MAPFS time=2025-02-25 17:41:29,616 level=ERROR msg=[METRICS] Error de comunicación con el Gateway: Dispositivo no autenticado. Deteniendo envío de métricas.
MAPFS time=2025-02-25 17:42:29,630 level=INFO msg=[METRICS] Métricas cifradas enviadas al Gateway: {'temperature': 20.75, 'humidity': 66.92}
MAPFS time=2025-02-25 17:42:29,633 level=INFO msg=[METRICS] Respuesta recibida del Gateway: response_message = {'status': 'failed', 'message': 'Dispositivo no autenticado. No se aceptan métricas.'}
MAPFS time=2025-02-25 17:42:29,634 level=ERROR msg=[METRICS] Error de comunicación con el Gateway: Dispositivo no autenticado. Deteniendo envío de métricas.
MAPFS time=2025-02-25 17:43:29,692 level=INFO msg=[METRICS] Métricas cifradas enviadas al Gateway: {'temperature': 23.97, 'humidity': 54.88}
MAPFS time=2025-02-25 17:43:29,694 level=INFO msg=[METRICS] Respuesta recibida del Gateway: response_message = {'status': 'failed', 'message': 'Dispositivo no autenticado. No se aceptan métricas.'}
MAPFS time=2025-02-25 17:43:29,694 level=ERROR msg=[METRICS] Error de comunicación con el Gateway: Dispositivo no autenticado. Deteniendo envío de métricas.
MAPFS time=2025-02-25 17:44:29,694 level=INFO msg=[METRICS] Métricas cifradas enviadas al Gateway: {'temperature': 25.96, 'humidity': 58.96}
MAPFS time=2025-02-25 17:44:29,698 level=INFO msg=[METRICS] Respuesta recibida del Gateway: response_message = {'status': 'failed', 'message': 'Dispositivo no autenticado. No se aceptan métricas.'}
MAPFS time=2025-02-25 17:44:29,699 level=ERROR msg=[METRICS] Error de comunicación con el Gateway: Dispositivo no autenticado. Deteniendo envío de métricas.
MAPFS time=2025-02-25 17:45:29,755 level=INFO msg=[METRICS] Métricas cifradas enviadas al Gateway: {'temperature': 29.4, 'humidity': 59.86}
MAPFS time=2025-02-25 17:45:29,757 level=INFO msg=[METRICS] Respuesta recibida del Gateway: response_message = {'status': 'failed', 'message': 'Dispositivo no autenticado. No se aceptan métricas.'}
MAPFS time=2025-02-25 17:45:29,758 level=ERROR msg=[METRICS] Error de comunicación con el Gateway: Dispositivo no autenticado. Deteniendo envío de métricas.
MAPFS time=2025-02-25 17:46:29,772 level=INFO msg=[METRICS] Métricas cifradas enviadas al Gateway: {'temperature': 23.04, 'humidity': 51.62}
MAPFS time=2025-02-25 17:46:29,774 level=INFO msg=[METRICS] Respuesta recibida del Gateway: response_message = {'status': 'failed', 'message': 'Dispositivo no autenticado. No se aceptan métricas.'}
MAPFS time=2025-02-25 17:46:29,774 level=ERROR msg=[METRICS] Error de comunicación con el Gateway: Dispositivo no autenticado. Deteniendo envío de métricas.
MAPFS time=2025-02-25 17:47:29,783 level=INFO msg=[METRICS] Métricas cifradas enviadas al Gateway: {'temperature': 20.88, 'humidity': 64.47}
MAPFS time=2025-02-25 17:47:29,785 level=INFO msg=[METRICS] Respuesta recibida del Gateway: response_message = {'status': 'failed', 'message': 'Dispositivo no autenticado. No se aceptan métricas.'}
MAPFS time=2025-02-25 17:47:29,785 level=ERROR msg=[METRICS] Error de comunicación con el Gateway: Dispositivo no autenticado. Deteniendo envío de métricas.
MAPFS time=2025-02-25 17:48:29,842 level=INFO msg=[METRICS] Métricas cifradas enviadas al Gateway: {'temperature': 29.39, 'humidity': 61.55}
MAPFS time=2025-02-25 17:48:29,844 level=INFO msg=[METRICS] Respuesta recibida del Gateway: response_message = {'status': 'failed', 'message': 'Dispositivo no autenticado. No se aceptan métricas.'}
MAPFS time=2025-02-25 17:48:29,845 level=ERROR msg=[METRICS] Error de comunicación con el Gateway: Dispositivo no autenticado. Deteniendo envío de métricas.
MAPFS time=2025-02-25 17:49:29,857 level=INFO msg=[METRICS] Métricas cifradas enviadas al Gateway: {'temperature': 22.81, 'humidity': 55.13}
MAPFS time=2025-02-25 17:49:29,860 level=INFO msg=[METRICS] Respuesta recibida del Gateway: response_message = {'status': 'failed', 'message': 'Dispositivo no autenticado. No se aceptan métricas.'}
MAPFS time=2025-02-25 17:49:29,860 level=ERROR msg=[METRICS] Error de comunicación con el Gateway: Dispositivo no autenticado. Deteniendo envío de métricas.
MAPFS time=2025-02-25 17:50:29,864 level=INFO msg=[METRICS] Métricas cifradas enviadas al Gateway: {'temperature': 21.29, 'humidity': 57.55}
MAPFS time=2025-02-25 17:50:29,865 level=INFO msg=[METRICS] Respuesta recibida del Gateway: response_message = {'status': 'failed', 'message': 'Dispositivo no autenticado. No se aceptan métricas.'}
MAPFS time=2025-02-25 17:50:29,866 level=ERROR msg=[METRICS] Error de comunicación con el Gateway: Dispositivo no autenticado. Deteniendo envío de métricas.
MAPFS time=2025-02-25 17:51:29,914 level=INFO msg=[METRICS] Métricas cifradas enviadas al Gateway: {'temperature': 21.28, 'humidity': 62.29}
MAPFS time=2025-02-25 17:51:29,917 level=INFO msg=[METRICS] Respuesta recibida del Gateway: response_message = {'status': 'failed', 'message': 'Dispositivo no autenticado. No se aceptan métricas.'}
MAPFS time=2025-02-25 17:51:29,917 level=ERROR msg=[METRICS] Error de comunicación con el Gateway: Dispositivo no autenticado. Deteniendo envío de métricas.
MAPFS time=2025-02-25 17:52:29,960 level=INFO msg=[METRICS] Métricas cifradas enviadas al Gateway: {'temperature': 22.83, 'humidity': 53.77}
MAPFS time=2025-02-25 17:52:29,963 level=INFO msg=[METRICS] Respuesta recibida del Gateway: response_message = {'status': 'failed', 'message': 'Dispositivo no autenticado. No se aceptan métricas.'}
MAPFS time=2025-02-25 17:52:29,964 level=ERROR msg=[METRICS] Error de comunicación con el Gateway: Dispositivo no autenticado. Deteniendo envío de métricas.
MAPFS time=2025-02-25 17:53:30,023 level=INFO msg=[METRICS] Métricas cifradas enviadas al Gateway: {'temperature': 24.32, 'humidity': 64.77}
MAPFS time=2025-02-25 17:53:30,026 level=INFO msg=[METRICS] Respuesta recibida del Gateway: response_message = {'status': 'failed', 'message': 'Dispositivo no autenticado. No se aceptan métricas.'}
MAPFS time=2025-02-25 17:53:30,027 level=ERROR msg=[METRICS] Error de comunicación con el Gateway: Dispositivo no autenticado. Deteniendo envío de métricas.
MAPFS time=2025-02-25 17:54:30,044 level=INFO msg=[METRICS] Métricas cifradas enviadas al Gateway: {'temperature': 26.47, 'humidity': 69.52}
MAPFS time=2025-02-25 17:54:30,049 level=INFO msg=[METRICS] Respuesta recibida del Gateway: response_message = {'status': 'failed', 'message': 'Dispositivo no autenticado. No se aceptan métricas.'}
MAPFS time=2025-02-25 17:54:30,050 level=ERROR msg=[METRICS] Error de comunicación con el Gateway: Dispositivo no autenticado. Deteniendo envío de métricas.
MAPFS time=2025-02-25 17:55:30,103 level=INFO msg=[METRICS] Métricas cifradas enviadas al Gateway: {'temperature': 25.99, 'humidity': 68.29}
MAPFS time=2025-02-25 17:55:30,106 level=INFO msg=[METRICS] Respuesta recibida del Gateway: response_message = {'status': 'failed', 'message': 'Dispositivo no autenticado. No se aceptan métricas.'}
MAPFS time=2025-02-25 17:55:30,107 level=ERROR msg=[METRICS] Error de comunicación con el Gateway: Dispositivo no autenticado. Deteniendo envío de métricas.
MAPFS time=2025-02-25 17:56:30,131 level=INFO msg=[METRICS] Métricas cifradas enviadas al Gateway: {'temperature': 28.14, 'humidity': 55.49}
MAPFS time=2025-02-25 17:56:30,135 level=INFO msg=[METRICS] Respuesta recibida del Gateway: response_message = {'status': 'failed', 'message': 'Dispositivo no autenticado. No se aceptan métricas.'}
MAPFS time=2025-02-25 17:56:30,136 level=ERROR msg=[METRICS] Error de comunicación con el Gateway: Dispositivo no autenticado. Deteniendo envío de métricas.
MAPFS time=2025-02-25 19:08:07,172 level=INFO msg=[METRICS] Métricas cifradas enviadas al Gateway: {'temperature': 26.16, 'humidity': 68.62}
MAPFS time=2025-02-25 19:08:07,173 level=INFO msg=[METRICS] Respuesta recibida del Gateway: response_message = {'status': 'failed', 'message': 'Dispositivo no autenticado. No se aceptan métricas.'}
MAPFS time=2025-02-25 19:08:07,174 level=ERROR msg=[METRICS] Error de comunicación con el Gateway: Dispositivo no autenticado. Deteniendo envío de métricas.
MAPFS time=2025-02-25 19:09:07,193 level=INFO msg=[METRICS] Métricas cifradas enviadas al Gateway: {'temperature': 27.21, 'humidity': 58.42}
MAPFS time=2025-02-25 19:09:07,194 level=INFO msg=[METRICS] Respuesta recibida del Gateway: response_message = {'status': 'failed', 'message': 'Dispositivo no autenticado. No se aceptan métricas.'}
MAPFS time=2025-02-25 19:09:07,194 level=ERROR msg=[METRICS] Error de comunicación con el Gateway: Dispositivo no autenticado. Deteniendo envío de métricas.
MAPFS time=2025-02-25 19:10:07,255 level=INFO msg=[METRICS] Métricas cifradas enviadas al Gateway: {'temperature': 22.61, 'humidity': 68.0}
MAPFS time=2025-02-25 19:10:07,258 level=INFO msg=[METRICS] Respuesta recibida del Gateway: response_message = {'status': 'failed', 'message': 'Dispositivo no autenticado. No se aceptan métricas.'}
MAPFS time=2025-02-25 19:10:07,259 level=ERROR msg=[METRICS] Error de comunicación con el Gateway: Dispositivo no autenticado. Deteniendo envío de métricas.
MAPFS time=2025-02-25 19:11:07,272 level=INFO msg=[METRICS] Métricas cifradas enviadas al Gateway: {'temperature': 26.18, 'humidity': 62.17}
MAPFS time=2025-02-25 19:11:07,275 level=INFO msg=[METRICS] Respuesta recibida del Gateway: response_message = {'status': 'failed', 'message': 'Dispositivo no autenticado. No se aceptan métricas.'}
MAPFS time=2025-02-25 19:11:07,276 level=ERROR msg=[METRICS] Error de comunicación con el Gateway: Dispositivo no autenticado. Deteniendo envío de métricas.
