2025-01-23 14:47:14,777 - INFO - Iniciando el servidor de métricas de Prometheus en el puerto 8011.
2025-01-23 14:47:14,779 - INFO - Socket Cloud escuchando en 0.0.0.0:5001
2025-01-23 14:47:15,021 - INFO - Enviando desafíos C_F0 y C_F1 al IoT.
2025-01-23 14:47:15,034 - INFO - Recibidos datos del dispositivo IoT: IoT_Identity=1374156714555342642, DPUF_C1=69767, FPUF_Fixed_F0=90363, FPUF_Fixed_F1=96322
2025-01-23 14:47:15,034 - INFO - Dispositivo IoT con ID 1374156714555342642 registrado exitosamente.
2025-01-23 14:47:15,034 - INFO - Claves asociadas: {'IoT_T_j': 3622607677333103306, 'CA_K_before_previous': 404673787978351933, 'CA_K_previous': 9644125339030827051, 'CA_K_current': 69767}
2025-01-23 14:47:34,795 - INFO - CA_MK_G_CA=13008609006923812716, CA_Sync_K_G_CA_previous=18181210455611513826; CA_r_1_previous=10334317024110611240
2025-01-23 14:47:34,796 - INFO - Gateway con ID 15179276469273245431 registrado exitosamente.
2025-01-23 14:47:34,796 - INFO - Claves asociadas: {'CA_MK_G_CA': 13008609006923812716, 'CA_Sync_K_G_CA_previous': 18181210455611513826, 'CA_r_1_previous': 10334317024110611240, 'CA_Sync_K_G_CA': 54038}
2025-01-23 14:47:55,243 - INFO - Enviando desafíos C_F0 y C_F1 al IoT.
2025-01-23 14:47:55,256 - INFO - Recibidos datos del dispositivo IoT: IoT_Identity=9938503049987307248, DPUF_C1=82939, FPUF_Fixed_F0=90363, FPUF_Fixed_F1=96322
2025-01-23 14:47:55,256 - INFO - Dispositivo IoT con ID 9938503049987307248 registrado exitosamente.
2025-01-23 14:47:55,256 - INFO - Claves asociadas: {'IoT_T_j': 3622607677333103306, 'CA_K_before_previous': 13857538211330753993, 'CA_K_previous': 12344975056113171358, 'CA_K_current': 82939}
2025-01-23 14:52:52,659 - INFO - Iniciando el servidor de métricas de Prometheus en el puerto 8011.
2025-01-23 14:52:52,661 - INFO - Socket Cloud escuchando en 0.0.0.0:5001
2025-01-23 14:52:52,958 - INFO - Enviando desafíos C_F0 y C_F1 al IoT.
2025-01-23 14:52:52,971 - INFO - Recibidos datos del dispositivo IoT: IoT_Identity=8420755666116738173, DPUF_C1=21823, FPUF_Fixed_F0=64680, FPUF_Fixed_F1=17455
2025-01-23 14:52:52,971 - INFO - Dispositivo IoT con ID 8420755666116738173 registrado exitosamente.
2025-01-23 14:52:52,971 - INFO - Claves asociadas: {'IoT_T_j': 822337520433875367, 'CA_K_before_previous': 9166471062269774777, 'CA_K_previous': 15491209571316878023, 'CA_K_current': 21823}
2025-01-23 14:53:38,018 - INFO - CA_MK_G_CA=10830737475368800238, CA_Sync_K_G_CA_previous=13281180589510185458; CA_r_1_previous=1856070318605275117
2025-01-23 14:53:38,019 - INFO - Gateway con ID 1633705481278746579 registrado exitosamente.
2025-01-23 14:53:38,019 - INFO - Claves asociadas: {'CA_MK_G_CA': 10830737475368800238, 'CA_Sync_K_G_CA_previous': 13281180589510185458, 'CA_r_1_previous': 1856070318605275117, 'CA_Sync_K_G_CA': 99719}
2025-01-23 14:53:50,858 - INFO - Enviando desafíos C_F0 y C_F1 al IoT.
2025-01-23 14:53:50,869 - INFO - Recibidos datos del dispositivo IoT: IoT_Identity=3448669815161871889, DPUF_C1=97343, FPUF_Fixed_F0=64680, FPUF_Fixed_F1=17455
2025-01-23 14:53:50,870 - INFO - Dispositivo IoT con ID 3448669815161871889 registrado exitosamente.
2025-01-23 14:53:50,870 - INFO - Claves asociadas: {'IoT_T_j': 822337520433875367, 'CA_K_before_previous': 5713244830730797396, 'CA_K_previous': 12641137471683002451, 'CA_K_current': 97343}
